srun: Warning: can't honor --ntasks-per-node set to 6 which doesn't match the requested tasks 81 with the number of requested nodes 16. Ignoring --ntasks-per-node.
Traceback (most recent call last):
Traceback (most recent call last):
Traceback (most recent call last):
Traceback (most recent call last):
  File "/home/andreasm/RedNoiseEstimatorComparison/ClusterCode/run_part.py", line 1, in <module>
Traceback (most recent call last):
Traceback (most recent call last):
Traceback (most recent call last):
Traceback (most recent call last):
  File "/home/andreasm/RedNoiseEstimatorComparison/ClusterCode/run_part.py", line 1, in <module>
Traceback (most recent call last):
  File "/home/andreasm/RedNoiseEstimatorComparison/ClusterCode/run_part.py", line 1, in <module>
Traceback (most recent call last):
Traceback (most recent call last):
Traceback (most recent call last):
  File "/home/andreasm/RedNoiseEstimatorComparison/ClusterCode/run_part.py", line 1, in <module>
Traceback (most recent call last):
  File "/home/andreasm/RedNoiseEstimatorComparison/ClusterCode/run_part.py", line 1, in <module>
Traceback (most recent call last):
  File "/home/andreasm/RedNoiseEstimatorComparison/ClusterCode/run_part.py", line 1, in <module>
Traceback (most recent call last):
  File "/home/andreasm/RedNoiseEstimatorComparison/ClusterCode/run_part.py", line 1, in <module>
Traceback (most recent call last):
  File "/home/andreasm/RedNoiseEstimatorComparison/ClusterCode/run_part.py", line 1, in <module>
Traceback (most recent call last):
  File "/home/andreasm/RedNoiseEstimatorComparison/ClusterCode/run_part.py", line 1, in <module>
Traceback (most recent call last):
Traceback (most recent call last):
  File "/home/andreasm/RedNoiseEstimatorComparison/ClusterCode/run_part.py", line 1, in <module>
Traceback (most recent call last):
  File "/home/andreasm/RedNoiseEstimatorComparison/ClusterCode/run_part.py", line 1, in <module>
Traceback (most recent call last):
  File "/home/andreasm/RedNoiseEstimatorComparison/ClusterCode/run_part.py", line 1, in <module>
Traceback (most recent call last):
  File "/home/andreasm/RedNoiseEstimatorComparison/ClusterCode/run_part.py", line 1, in <module>
Traceback (most recent call last):
  File "/home/andreasm/RedNoiseEstimatorComparison/ClusterCode/run_part.py", line 1, in <module>
  File "/home/andreasm/RedNoiseEstimatorComparison/ClusterCode/run_part.py", line 1, in <module>
Traceback (most recent call last):
  File "/home/andreasm/RedNoiseEstimatorComparison/ClusterCode/run_part.py", line 1, in <module>
Traceback (most recent call last):
  File "/home/andreasm/RedNoiseEstimatorComparison/ClusterCode/run_part.py", line 1, in <module>
Traceback (most recent call last):
  File "/home/andreasm/RedNoiseEstimatorComparison/ClusterCode/run_part.py", line 1, in <module>
Traceback (most recent call last):
  File "/home/andreasm/RedNoiseEstimatorComparison/ClusterCode/run_part.py", line 1, in <module>
Traceback (most recent call last):
  File "/home/andreasm/RedNoiseEstimatorComparison/ClusterCode/run_part.py", line 1, in <module>
  File "/home/andreasm/RedNoiseEstimatorComparison/ClusterCode/run_part.py", line 1, in <module>
Traceback (most recent call last):
  File "/home/andreasm/RedNoiseEstimatorComparison/ClusterCode/run_part.py", line 1, in <module>
Traceback (most recent call last):
  File "/home/andreasm/RedNoiseEstimatorComparison/ClusterCode/run_part.py", line 1, in <module>
  File "/home/andreasm/RedNoiseEstimatorComparison/ClusterCode/run_part.py", line 1, in <module>
  File "/home/andreasm/RedNoiseEstimatorComparison/ClusterCode/run_part.py", line 1, in <module>
Traceback (most recent call last):
  File "/home/andreasm/RedNoiseEstimatorComparison/ClusterCode/run_part.py", line 1, in <module>
Traceback (most recent call last):
  File "/home/andreasm/RedNoiseEstimatorComparison/ClusterCode/run_part.py", line 1, in <module>
Traceback (most recent call last):
Traceback (most recent call last):
  File "/home/andreasm/RedNoiseEstimatorComparison/ClusterCode/run_part.py", line 1, in <module>
Traceback (most recent call last):
  File "/home/andreasm/RedNoiseEstimatorComparison/ClusterCode/run_part.py", line 1, in <module>
Traceback (most recent call last):
  File "/home/andreasm/RedNoiseEstimatorComparison/ClusterCode/run_part.py", line 1, in <module>
  File "/home/andreasm/RedNoiseEstimatorComparison/ClusterCode/run_part.py", line 1, in <module>
    import tpr_fpr_auc
  File "/home/andreasm/RedNoiseEstimatorComparison/ClusterCode/tpr_fpr_auc.py", line 5, in <module>
    import tpr_fpr_auc
  File "/home/andreasm/RedNoiseEstimatorComparison/ClusterCode/tpr_fpr_auc.py", line 5, in <module>
    import tpr_fpr_auc
  File "/home/andreasm/RedNoiseEstimatorComparison/ClusterCode/tpr_fpr_auc.py", line 5, in <module>
    import tpr_fpr_auc
  File "/home/andreasm/RedNoiseEstimatorComparison/ClusterCode/tpr_fpr_auc.py", line 5, in <module>
    import tpr_fpr_auc
    import tpr_fpr_auc
  File "/home/andreasm/RedNoiseEstimatorComparison/ClusterCode/tpr_fpr_auc.py", line 5, in <module>
    import tpr_fpr_auc
    import tpr_fpr_auc
  File "/home/andreasm/RedNoiseEstimatorComparison/ClusterCode/tpr_fpr_auc.py", line 5, in <module>
  File "/home/andreasm/RedNoiseEstimatorComparison/ClusterCode/tpr_fpr_auc.py", line 5, in <module>
  File "/home/andreasm/RedNoiseEstimatorComparison/ClusterCode/tpr_fpr_auc.py", line 5, in <module>
    import tpr_fpr_auc
  File "/home/andreasm/RedNoiseEstimatorComparison/ClusterCode/tpr_fpr_auc.py", line 5, in <module>
    import tpr_fpr_auc
    import tpr_fpr_auc
  File "/home/andreasm/RedNoiseEstimatorComparison/ClusterCode/tpr_fpr_auc.py", line 5, in <module>
    import tpr_fpr_auc
  File "/home/andreasm/RedNoiseEstimatorComparison/ClusterCode/tpr_fpr_auc.py", line 5, in <module>
    import tpr_fpr_auc
  File "/home/andreasm/RedNoiseEstimatorComparison/ClusterCode/tpr_fpr_auc.py", line 5, in <module>
  File "/home/andreasm/RedNoiseEstimatorComparison/ClusterCode/tpr_fpr_auc.py", line 5, in <module>
    import tpr_fpr_auc
  File "/home/andreasm/RedNoiseEstimatorComparison/ClusterCode/tpr_fpr_auc.py", line 5, in <module>
    import tpr_fpr_auc
  File "/home/andreasm/RedNoiseEstimatorComparison/ClusterCode/tpr_fpr_auc.py", line 5, in <module>
    import tpr_fpr_auc
  File "/home/andreasm/RedNoiseEstimatorComparison/ClusterCode/tpr_fpr_auc.py", line 5, in <module>
    import tpr_fpr_auc
  File "/home/andreasm/RedNoiseEstimatorComparison/ClusterCode/tpr_fpr_auc.py", line 5, in <module>
    import tpr_fpr_auc
  File "/home/andreasm/RedNoiseEstimatorComparison/ClusterCode/tpr_fpr_auc.py", line 5, in <module>
    import tpr_fpr_auc
    import tpr_fpr_auc
  File "/home/andreasm/RedNoiseEstimatorComparison/ClusterCode/tpr_fpr_auc.py", line 5, in <module>
  File "/home/andreasm/RedNoiseEstimatorComparison/ClusterCode/tpr_fpr_auc.py", line 5, in <module>
    import tpr_fpr_auc
  File "/home/andreasm/RedNoiseEstimatorComparison/ClusterCode/tpr_fpr_auc.py", line 5, in <module>
    import tpr_fpr_auc
  File "/home/andreasm/RedNoiseEstimatorComparison/ClusterCode/tpr_fpr_auc.py", line 5, in <module>
    import EstimationMethods
  File "/home/andreasm/RedNoiseEstimatorComparison/ClusterCode/EstimationMethods.py", line 4, in <module>
    import tpr_fpr_auc
  File "/home/andreasm/RedNoiseEstimatorComparison/ClusterCode/tpr_fpr_auc.py", line 5, in <module>
    import tpr_fpr_auc
  File "/home/andreasm/RedNoiseEstimatorComparison/ClusterCode/tpr_fpr_auc.py", line 5, in <module>
    import tpr_fpr_auc
  File "/home/andreasm/RedNoiseEstimatorComparison/ClusterCode/tpr_fpr_auc.py", line 5, in <module>
    import EstimationMethods
    import EstimationMethods
    import EstimationMethods
  File "/home/andreasm/RedNoiseEstimatorComparison/ClusterCode/EstimationMethods.py", line 4, in <module>
  File "/home/andreasm/RedNoiseEstimatorComparison/ClusterCode/EstimationMethods.py", line 4, in <module>
  File "/home/andreasm/RedNoiseEstimatorComparison/ClusterCode/EstimationMethods.py", line 4, in <module>
    import EstimationMethods
  File "/home/andreasm/RedNoiseEstimatorComparison/ClusterCode/EstimationMethods.py", line 4, in <module>
    import EstimationMethods
  File "/home/andreasm/RedNoiseEstimatorComparison/ClusterCode/EstimationMethods.py", line 4, in <module>
    import EstimationMethods
  File "/home/andreasm/RedNoiseEstimatorComparison/ClusterCode/EstimationMethods.py", line 4, in <module>
    import EstimationMethods
Traceback (most recent call last):
  File "/home/andreasm/RedNoiseEstimatorComparison/ClusterCode/run_part.py", line 1, in <module>
Traceback (most recent call last):
  File "/home/andreasm/RedNoiseEstimatorComparison/ClusterCode/run_part.py", line 1, in <module>
Traceback (most recent call last):
  File "/home/andreasm/RedNoiseEstimatorComparison/ClusterCode/run_part.py", line 1, in <module>
Traceback (most recent call last):
  File "/home/andreasm/RedNoiseEstimatorComparison/ClusterCode/run_part.py", line 1, in <module>
    import tpr_fpr_auc
  File "/home/andreasm/RedNoiseEstimatorComparison/ClusterCode/tpr_fpr_auc.py", line 5, in <module>
    import tpr_fpr_auc
  File "/home/andreasm/RedNoiseEstimatorComparison/ClusterCode/tpr_fpr_auc.py", line 5, in <module>
    import tpr_fpr_auc
  File "/home/andreasm/RedNoiseEstimatorComparison/ClusterCode/EstimationMethods.py", line 4, in <module>
  File "/home/andreasm/RedNoiseEstimatorComparison/ClusterCode/tpr_fpr_auc.py", line 5, in <module>
    import tpr_fpr_auc
  File "/home/andreasm/RedNoiseEstimatorComparison/ClusterCode/tpr_fpr_auc.py", line 5, in <module>
    import EstimationMethods
  File "/home/andreasm/RedNoiseEstimatorComparison/ClusterCode/EstimationMethods.py", line 4, in <module>
    import statsmodels.api as sm
    import tpr_fpr_auc
  File "/home/andreasm/RedNoiseEstimatorComparison/ClusterCode/tpr_fpr_auc.py", line 5, in <module>
    import EstimationMethods
  File "/home/andreasm/RedNoiseEstimatorComparison/ClusterCode/EstimationMethods.py", line 4, in <module>
    import EstimationMethods
    import EstimationMethods
  File "/home/andreasm/RedNoiseEstimatorComparison/ClusterCode/EstimationMethods.py", line 4, in <module>
    import EstimationMethods
  File "/home/andreasm/RedNoiseEstimatorComparison/ClusterCode/EstimationMethods.py", line 4, in <module>
    import EstimationMethods
  File "/home/andreasm/RedNoiseEstimatorComparison/ClusterCode/EstimationMethods.py", line 4, in <module>
    import EstimationMethods
    import EstimationMethods
  File "/home/andreasm/RedNoiseEstimatorComparison/ClusterCode/EstimationMethods.py", line 4, in <module>
    import EstimationMethods
    import EstimationMethods
  File "/home/andreasm/RedNoiseEstimatorComparison/ClusterCode/EstimationMethods.py", line 4, in <module>
  File "/home/andreasm/RedNoiseEstimatorComparison/ClusterCode/EstimationMethods.py", line 4, in <module>
Traceback (most recent call last):
  File "/home/andreasm/RedNoiseEstimatorComparison/ClusterCode/run_part.py", line 1, in <module>
  File "/home/andreasm/RedNoiseEstimatorComparison/ClusterCode/EstimationMethods.py", line 4, in <module>
  File "/home/andreasm/RedNoiseEstimatorComparison/ClusterCode/EstimationMethods.py", line 4, in <module>
    import EstimationMethods
  File "/home/andreasm/RedNoiseEstimatorComparison/ClusterCode/EstimationMethods.py", line 4, in <module>
Traceback (most recent call last):
  File "/home/andreasm/RedNoiseEstimatorComparison/ClusterCode/run_part.py", line 1, in <module>
    import EstimationMethods
  File "/home/andreasm/RedNoiseEstimatorComparison/ClusterCode/EstimationMethods.py", line 4, in <module>
    import EstimationMethods
  File "/home/andreasm/RedNoiseEstimatorComparison/ClusterCode/EstimationMethods.py", line 4, in <module>
Traceback (most recent call last):
  File "/home/andreasm/RedNoiseEstimatorComparison/ClusterCode/run_part.py", line 1, in <module>
Traceback (most recent call last):
  File "/home/andreasm/RedNoiseEstimatorComparison/ClusterCode/run_part.py", line 1, in <module>
    import tpr_fpr_auc
  File "/home/andreasm/RedNoiseEstimatorComparison/ClusterCode/tpr_fpr_auc.py", line 5, in <module>
    import tpr_fpr_auc
  File "/home/andreasm/RedNoiseEstimatorComparison/ClusterCode/tpr_fpr_auc.py", line 5, in <module>
    import tpr_fpr_auc
  File "/home/andreasm/RedNoiseEstimatorComparison/ClusterCode/tpr_fpr_auc.py", line 5, in <module>
    import tpr_fpr_auc
ModuleNotFoundError: No module named 'statsmodels'
Traceback (most recent call last):
  File "/home/andreasm/RedNoiseEstimatorComparison/ClusterCode/tpr_fpr_auc.py", line 5, in <module>
    import statsmodels.api as sm
Traceback (most recent call last):
  File "/home/andreasm/RedNoiseEstimatorComparison/ClusterCode/run_part.py", line 1, in <module>
    import tpr_fpr_auc
ModuleNotFoundError: No module named 'statsmodels'
Traceback (most recent call last):
  File "/home/andreasm/RedNoiseEstimatorComparison/ClusterCode/run_part.py", line 1, in <module>
  File "/home/andreasm/RedNoiseEstimatorComparison/ClusterCode/tpr_fpr_auc.py", line 5, in <module>
Traceback (most recent call last):
  File "/home/andreasm/RedNoiseEstimatorComparison/ClusterCode/run_part.py", line 1, in <module>
    import EstimationMethods
  File "/home/andreasm/RedNoiseEstimatorComparison/ClusterCode/EstimationMethods.py", line 4, in <module>
  File "/home/andreasm/RedNoiseEstimatorComparison/ClusterCode/run_part.py", line 1, in <module>
Traceback (most recent call last):
  File "/home/andreasm/RedNoiseEstimatorComparison/ClusterCode/run_part.py", line 1, in <module>
  File "/home/andreasm/RedNoiseEstimatorComparison/ClusterCode/run_part.py", line 1, in <module>
Traceback (most recent call last):
  File "/home/andreasm/RedNoiseEstimatorComparison/ClusterCode/run_part.py", line 1, in <module>
    import tpr_fpr_auc
    import EstimationMethods
  File "/home/andreasm/RedNoiseEstimatorComparison/ClusterCode/EstimationMethods.py", line 4, in <module>
Traceback (most recent call last):
  File "/home/andreasm/RedNoiseEstimatorComparison/ClusterCode/run_part.py", line 1, in <module>
    import tpr_fpr_auc
  File "/home/andreasm/RedNoiseEstimatorComparison/ClusterCode/tpr_fpr_auc.py", line 5, in <module>
    import EstimationMethods
  File "/home/andreasm/RedNoiseEstimatorComparison/ClusterCode/EstimationMethods.py", line 4, in <module>
Traceback (most recent call last):
  File "/home/andreasm/RedNoiseEstimatorComparison/ClusterCode/run_part.py", line 1, in <module>
  File "/home/andreasm/RedNoiseEstimatorComparison/ClusterCode/tpr_fpr_auc.py", line 5, in <module>
    import EstimationMethods
  File "/home/andreasm/RedNoiseEstimatorComparison/ClusterCode/EstimationMethods.py", line 4, in <module>
    import tpr_fpr_auc
  File "/home/andreasm/RedNoiseEstimatorComparison/ClusterCode/tpr_fpr_auc.py", line 5, in <module>
    import EstimationMethods
    import tpr_fpr_auc
  File "/home/andreasm/RedNoiseEstimatorComparison/ClusterCode/tpr_fpr_auc.py", line 5, in <module>
    import EstimationMethods
  File "/home/andreasm/RedNoiseEstimatorComparison/ClusterCode/EstimationMethods.py", line 4, in <module>
    import tpr_fpr_auc
  File "/home/andreasm/RedNoiseEstimatorComparison/ClusterCode/tpr_fpr_auc.py", line 5, in <module>
Traceback (most recent call last):
  File "/home/andreasm/RedNoiseEstimatorComparison/ClusterCode/run_part.py", line 1, in <module>
Traceback (most recent call last):
  File "/home/andreasm/RedNoiseEstimatorComparison/ClusterCode/run_part.py", line 1, in <module>
    import tpr_fpr_auc
    import tpr_fpr_auc
  File "/home/andreasm/RedNoiseEstimatorComparison/ClusterCode/tpr_fpr_auc.py", line 5, in <module>
Traceback (most recent call last):
  File "/home/andreasm/RedNoiseEstimatorComparison/ClusterCode/run_part.py", line 1, in <module>
Traceback (most recent call last):
  File "/home/andreasm/RedNoiseEstimatorComparison/ClusterCode/run_part.py", line 1, in <module>
  File "/home/andreasm/RedNoiseEstimatorComparison/ClusterCode/tpr_fpr_auc.py", line 5, in <module>
Traceback (most recent call last):
    import tpr_fpr_auc
  File "/home/andreasm/RedNoiseEstimatorComparison/ClusterCode/tpr_fpr_auc.py", line 5, in <module>
Traceback (most recent call last):
  File "/home/andreasm/RedNoiseEstimatorComparison/ClusterCode/run_part.py", line 1, in <module>
Traceback (most recent call last):
  File "/home/andreasm/RedNoiseEstimatorComparison/ClusterCode/run_part.py", line 1, in <module>
    import tpr_fpr_auc
Traceback (most recent call last):
  File "/home/andreasm/RedNoiseEstimatorComparison/ClusterCode/run_part.py", line 1, in <module>
    import tpr_fpr_auc
Traceback (most recent call last):
  File "/home/andreasm/RedNoiseEstimatorComparison/ClusterCode/run_part.py", line 1, in <module>
Traceback (most recent call last):
  File "/home/andreasm/RedNoiseEstimatorComparison/ClusterCode/run_part.py", line 1, in <module>
  File "/home/andreasm/RedNoiseEstimatorComparison/ClusterCode/tpr_fpr_auc.py", line 5, in <module>
Traceback (most recent call last):
  File "/home/andreasm/RedNoiseEstimatorComparison/ClusterCode/run_part.py", line 1, in <module>
  File "/home/andreasm/RedNoiseEstimatorComparison/ClusterCode/tpr_fpr_auc.py", line 5, in <module>
  File "/home/andreasm/RedNoiseEstimatorComparison/ClusterCode/run_part.py", line 1, in <module>
    import statsmodels.api as sm
  File "/home/andreasm/RedNoiseEstimatorComparison/ClusterCode/run_part.py", line 1, in <module>
    import EstimationMethods
  File "/home/andreasm/RedNoiseEstimatorComparison/ClusterCode/run_part.py", line 1, in <module>
    import EstimationMethods
  File "/home/andreasm/RedNoiseEstimatorComparison/ClusterCode/EstimationMethods.py", line 4, in <module>
    import tpr_fpr_auc
  File "/home/andreasm/RedNoiseEstimatorComparison/ClusterCode/tpr_fpr_auc.py", line 5, in <module>
    import statsmodels.api as sm
ModuleNotFoundError: No module named 'statsmodels'
    import statsmodels.api as sm
ModuleNotFoundError: No module named 'statsmodels'
    import tpr_fpr_auc
  File "/home/andreasm/RedNoiseEstimatorComparison/ClusterCode/tpr_fpr_auc.py", line 5, in <module>
    import EstimationMethods
  File "/home/andreasm/RedNoiseEstimatorComparison/ClusterCode/EstimationMethods.py", line 4, in <module>
Traceback (most recent call last):
Traceback (most recent call last):
  File "/home/andreasm/RedNoiseEstimatorComparison/ClusterCode/run_part.py", line 1, in <module>
    import EstimationMethods
  File "/home/andreasm/RedNoiseEstimatorComparison/ClusterCode/EstimationMethods.py", line 4, in <module>
    import tpr_fpr_auc
  File "/home/andreasm/RedNoiseEstimatorComparison/ClusterCode/tpr_fpr_auc.py", line 5, in <module>
    import statsmodels.api as sm
    import tpr_fpr_auc
    import EstimationMethods
  File "/home/andreasm/RedNoiseEstimatorComparison/ClusterCode/EstimationMethods.py", line 4, in <module>
Traceback (most recent call last):
  File "/home/andreasm/RedNoiseEstimatorComparison/ClusterCode/run_part.py", line 1, in <module>
  File "/home/andreasm/RedNoiseEstimatorComparison/ClusterCode/run_part.py", line 1, in <module>
    import EstimationMethods
  File "/home/andreasm/RedNoiseEstimatorComparison/ClusterCode/EstimationMethods.py", line 4, in <module>
    import tpr_fpr_auc
ModuleNotFoundError: No module named 'statsmodels'
    import tpr_fpr_auc
  File "/home/andreasm/RedNoiseEstimatorComparison/ClusterCode/tpr_fpr_auc.py", line 5, in <module>
    import EstimationMethods
  File "/home/andreasm/RedNoiseEstimatorComparison/ClusterCode/EstimationMethods.py", line 4, in <module>
Traceback (most recent call last):
  File "/home/andreasm/RedNoiseEstimatorComparison/ClusterCode/run_part.py", line 1, in <module>
    import tpr_fpr_auc
    import EstimationMethods
  File "/home/andreasm/RedNoiseEstimatorComparison/ClusterCode/EstimationMethods.py", line 4, in <module>
  File "/home/andreasm/RedNoiseEstimatorComparison/ClusterCode/tpr_fpr_auc.py", line 5, in <module>
  File "/home/andreasm/RedNoiseEstimatorComparison/ClusterCode/tpr_fpr_auc.py", line 5, in <module>
    import EstimationMethods
  File "/home/andreasm/RedNoiseEstimatorComparison/ClusterCode/EstimationMethods.py", line 4, in <module>
Traceback (most recent call last):
  File "/home/andreasm/RedNoiseEstimatorComparison/ClusterCode/run_part.py", line 1, in <module>
    import tpr_fpr_auc
  File "/home/andreasm/RedNoiseEstimatorComparison/ClusterCode/tpr_fpr_auc.py", line 5, in <module>
    import EstimationMethods
  File "/home/andreasm/RedNoiseEstimatorComparison/ClusterCode/EstimationMethods.py", line 4, in <module>
    import tpr_fpr_auc
  File "/home/andreasm/RedNoiseEstimatorComparison/ClusterCode/tpr_fpr_auc.py", line 5, in <module>
    import EstimationMethods
  File "/home/andreasm/RedNoiseEstimatorComparison/ClusterCode/EstimationMethods.py", line 4, in <module>
    import tpr_fpr_auc
  File "/home/andreasm/RedNoiseEstimatorComparison/ClusterCode/EstimationMethods.py", line 4, in <module>
Traceback (most recent call last):
  File "/home/andreasm/RedNoiseEstimatorComparison/ClusterCode/run_part.py", line 1, in <module>
  File "/home/andreasm/RedNoiseEstimatorComparison/ClusterCode/run_part.py", line 1, in <module>
Traceback (most recent call last):
  File "/home/andreasm/RedNoiseEstimatorComparison/ClusterCode/run_part.py", line 1, in <module>
    import tpr_fpr_auc
  File "/home/andreasm/RedNoiseEstimatorComparison/ClusterCode/tpr_fpr_auc.py", line 5, in <module>
    import tpr_fpr_auc
  File "/home/andreasm/RedNoiseEstimatorComparison/ClusterCode/tpr_fpr_auc.py", line 5, in <module>
    import EstimationMethods
  File "/home/andreasm/RedNoiseEstimatorComparison/ClusterCode/EstimationMethods.py", line 4, in <module>
    import tpr_fpr_auc
  File "/home/andreasm/RedNoiseEstimatorComparison/ClusterCode/tpr_fpr_auc.py", line 5, in <module>
Traceback (most recent call last):
  File "/home/andreasm/RedNoiseEstimatorComparison/ClusterCode/run_part.py", line 1, in <module>
    import tpr_fpr_auc
Traceback (most recent call last):
  File "/home/andreasm/RedNoiseEstimatorComparison/ClusterCode/run_part.py", line 1, in <module>
    import tpr_fpr_auc
Traceback (most recent call last):
    import EstimationMethods
  File "/home/andreasm/RedNoiseEstimatorComparison/ClusterCode/EstimationMethods.py", line 4, in <module>
    import statsmodels.api as sm
  File "/home/andreasm/RedNoiseEstimatorComparison/ClusterCode/tpr_fpr_auc.py", line 5, in <module>
Traceback (most recent call last):
  File "/home/andreasm/RedNoiseEstimatorComparison/ClusterCode/run_part.py", line 1, in <module>
  File "/home/andreasm/RedNoiseEstimatorComparison/ClusterCode/tpr_fpr_auc.py", line 5, in <module>
Traceback (most recent call last):
  File "/home/andreasm/RedNoiseEstimatorComparison/ClusterCode/run_part.py", line 1, in <module>
  File "/home/andreasm/RedNoiseEstimatorComparison/ClusterCode/tpr_fpr_auc.py", line 5, in <module>
Traceback (most recent call last):
  File "/home/andreasm/RedNoiseEstimatorComparison/ClusterCode/run_part.py", line 1, in <module>
    import EstimationMethods
  File "/home/andreasm/RedNoiseEstimatorComparison/ClusterCode/EstimationMethods.py", line 4, in <module>
ModuleNotFoundError: No module named 'statsmodels'
    import statsmodels.api as sm
ModuleNotFoundError: No module named 'statsmodels'
    import EstimationMethods
Traceback (most recent call last):
    import tpr_fpr_auc
Traceback (most recent call last):
  File "/home/andreasm/RedNoiseEstimatorComparison/ClusterCode/tpr_fpr_auc.py", line 5, in <module>
Traceback (most recent call last):
  File "/home/andreasm/RedNoiseEstimatorComparison/ClusterCode/run_part.py", line 1, in <module>
    import EstimationMethods
ModuleNotFoundError: No module named 'statsmodels'
  File "/home/andreasm/RedNoiseEstimatorComparison/ClusterCode/EstimationMethods.py", line 4, in <module>
    import EstimationMethods
  File "/home/andreasm/RedNoiseEstimatorComparison/ClusterCode/EstimationMethods.py", line 4, in <module>
  File "/home/andreasm/RedNoiseEstimatorComparison/ClusterCode/run_part.py", line 1, in <module>
  File "/home/andreasm/RedNoiseEstimatorComparison/ClusterCode/tpr_fpr_auc.py", line 5, in <module>
  File "/home/andreasm/RedNoiseEstimatorComparison/ClusterCode/run_part.py", line 1, in <module>
    import tpr_fpr_auc
  File "/home/andreasm/RedNoiseEstimatorComparison/ClusterCode/tpr_fpr_auc.py", line 5, in <module>
Traceback (most recent call last):
  File "/home/andreasm/RedNoiseEstimatorComparison/ClusterCode/run_part.py", line 1, in <module>
    import EstimationMethods
  File "/home/andreasm/RedNoiseEstimatorComparison/ClusterCode/EstimationMethods.py", line 4, in <module>
    import statsmodels.api as sm
    import EstimationMethods
  File "/home/andreasm/RedNoiseEstimatorComparison/ClusterCode/EstimationMethods.py", line 4, in <module>
    import tpr_fpr_auc
  File "/home/andreasm/RedNoiseEstimatorComparison/ClusterCode/tpr_fpr_auc.py", line 5, in <module>
    import tpr_fpr_auc
  File "/home/andreasm/RedNoiseEstimatorComparison/ClusterCode/run_part.py", line 1, in <module>
    import EstimationMethods
  File "/home/andreasm/RedNoiseEstimatorComparison/ClusterCode/EstimationMethods.py", line 4, in <module>
  File "/home/andreasm/RedNoiseEstimatorComparison/ClusterCode/run_part.py", line 1, in <module>
    import EstimationMethods
  File "/home/andreasm/RedNoiseEstimatorComparison/ClusterCode/EstimationMethods.py", line 4, in <module>
ModuleNotFoundError: No module named 'statsmodels'
    import EstimationMethods
  File "/home/andreasm/RedNoiseEstimatorComparison/ClusterCode/EstimationMethods.py", line 4, in <module>
    import tpr_fpr_auc
  File "/home/andreasm/RedNoiseEstimatorComparison/ClusterCode/tpr_fpr_auc.py", line 5, in <module>
  File "/home/andreasm/RedNoiseEstimatorComparison/ClusterCode/tpr_fpr_auc.py", line 5, in <module>
    import tpr_fpr_auc
  File "/home/andreasm/RedNoiseEstimatorComparison/ClusterCode/tpr_fpr_auc.py", line 5, in <module>
    import EstimationMethods
  File "/home/andreasm/RedNoiseEstimatorComparison/ClusterCode/EstimationMethods.py", line 4, in <module>
    import tpr_fpr_auc
  File "/home/andreasm/RedNoiseEstimatorComparison/ClusterCode/tpr_fpr_auc.py", line 5, in <module>
  File "/home/andreasm/RedNoiseEstimatorComparison/ClusterCode/EstimationMethods.py", line 4, in <module>
    import statsmodels.api as sm
    import EstimationMethods
  File "/home/andreasm/RedNoiseEstimatorComparison/ClusterCode/EstimationMethods.py", line 4, in <module>
    import tpr_fpr_auc
    import tpr_fpr_auc
    import tpr_fpr_auc
    import EstimationMethods
  File "/home/andreasm/RedNoiseEstimatorComparison/ClusterCode/EstimationMethods.py", line 4, in <module>
    import tpr_fpr_auc
ModuleNotFoundError: No module named 'statsmodels'
  File "/home/andreasm/RedNoiseEstimatorComparison/ClusterCode/EstimationMethods.py", line 4, in <module>
  File "/home/andreasm/RedNoiseEstimatorComparison/ClusterCode/tpr_fpr_auc.py", line 5, in <module>
    import tpr_fpr_auc
  File "/home/andreasm/RedNoiseEstimatorComparison/ClusterCode/tpr_fpr_auc.py", line 5, in <module>
    import tpr_fpr_auc
  File "/home/andreasm/RedNoiseEstimatorComparison/ClusterCode/tpr_fpr_auc.py", line 5, in <module>
    import EstimationMethods
  File "/home/andreasm/RedNoiseEstimatorComparison/ClusterCode/EstimationMethods.py", line 4, in <module>
  File "/home/andreasm/RedNoiseEstimatorComparison/ClusterCode/tpr_fpr_auc.py", line 5, in <module>
    import statsmodels.api as sm
    import statsmodels.api as sm
    import tpr_fpr_auc
  File "/home/andreasm/RedNoiseEstimatorComparison/ClusterCode/tpr_fpr_auc.py", line 5, in <module>
  File "/home/andreasm/RedNoiseEstimatorComparison/ClusterCode/tpr_fpr_auc.py", line 5, in <module>
    import tpr_fpr_auc
  File "/home/andreasm/RedNoiseEstimatorComparison/ClusterCode/tpr_fpr_auc.py", line 5, in <module>
    import EstimationMethods
    import tpr_fpr_auc
    import statsmodels.api as sm
    import tpr_fpr_auc
    import EstimationMethods
  File "/home/andreasm/RedNoiseEstimatorComparison/ClusterCode/EstimationMethods.py", line 4, in <module>
    import tpr_fpr_auc
  File "/home/andreasm/RedNoiseEstimatorComparison/ClusterCode/tpr_fpr_auc.py", line 5, in <module>
  File "/home/andreasm/RedNoiseEstimatorComparison/ClusterCode/EstimationMethods.py", line 4, in <module>
    import tpr_fpr_auc
  File "/home/andreasm/RedNoiseEstimatorComparison/ClusterCode/tpr_fpr_auc.py", line 5, in <module>
ModuleNotFoundError: No module named 'statsmodels'
  File "/home/andreasm/RedNoiseEstimatorComparison/ClusterCode/tpr_fpr_auc.py", line 5, in <module>
    import EstimationMethods
  File "/home/andreasm/RedNoiseEstimatorComparison/ClusterCode/tpr_fpr_auc.py", line 5, in <module>
  File "/home/andreasm/RedNoiseEstimatorComparison/ClusterCode/tpr_fpr_auc.py", line 5, in <module>
    import statsmodels.api as sm
    import EstimationMethods
    import EstimationMethods
  File "/home/andreasm/RedNoiseEstimatorComparison/ClusterCode/EstimationMethods.py", line 4, in <module>
    import EstimationMethods
  File "/home/andreasm/RedNoiseEstimatorComparison/ClusterCode/EstimationMethods.py", line 4, in <module>
    import tpr_fpr_auc
    import statsmodels.api as sm
    import EstimationMethods
  File "/home/andreasm/RedNoiseEstimatorComparison/ClusterCode/EstimationMethods.py", line 4, in <module>
  File "/home/andreasm/RedNoiseEstimatorComparison/ClusterCode/EstimationMethods.py", line 4, in <module>
    import EstimationMethods
  File "/home/andreasm/RedNoiseEstimatorComparison/ClusterCode/EstimationMethods.py", line 4, in <module>
  File "/home/andreasm/RedNoiseEstimatorComparison/ClusterCode/tpr_fpr_auc.py", line 5, in <module>
ModuleNotFoundError: No module named 'statsmodels'
    import EstimationMethods
  File "/home/andreasm/RedNoiseEstimatorComparison/ClusterCode/EstimationMethods.py", line 4, in <module>
    import EstimationMethods
    import EstimationMethods
  File "/home/andreasm/RedNoiseEstimatorComparison/ClusterCode/EstimationMethods.py", line 4, in <module>
ModuleNotFoundError: No module named 'statsmodels'
ModuleNotFoundError: No module named 'statsmodels'
    import EstimationMethods
  File "/home/andreasm/RedNoiseEstimatorComparison/ClusterCode/EstimationMethods.py", line 4, in <module>
    import EstimationMethods
  File "/home/andreasm/RedNoiseEstimatorComparison/ClusterCode/EstimationMethods.py", line 4, in <module>
    import EstimationMethods
  File "/home/andreasm/RedNoiseEstimatorComparison/ClusterCode/EstimationMethods.py", line 4, in <module>
ModuleNotFoundError: No module named 'statsmodels'
    import EstimationMethods
  File "/home/andreasm/RedNoiseEstimatorComparison/ClusterCode/EstimationMethods.py", line 4, in <module>
  File "/home/andreasm/RedNoiseEstimatorComparison/ClusterCode/EstimationMethods.py", line 4, in <module>
    import EstimationMethods
  File "/home/andreasm/RedNoiseEstimatorComparison/ClusterCode/EstimationMethods.py", line 4, in <module>
  File "/home/andreasm/RedNoiseEstimatorComparison/ClusterCode/EstimationMethods.py", line 4, in <module>
    import EstimationMethods
  File "/home/andreasm/RedNoiseEstimatorComparison/ClusterCode/EstimationMethods.py", line 4, in <module>
    import EstimationMethods
  File "/home/andreasm/RedNoiseEstimatorComparison/ClusterCode/EstimationMethods.py", line 4, in <module>
    import statsmodels.api as sm
ModuleNotFoundError: No module named 'statsmodels'
    import statsmodels.api as sm
ModuleNotFoundError: No module named 'statsmodels'
    import statsmodels.api as sm
    import EstimationMethods
  File "/home/andreasm/RedNoiseEstimatorComparison/ClusterCode/EstimationMethods.py", line 4, in <module>
ModuleNotFoundError: No module named 'statsmodels'
    import EstimationMethods
  File "/home/andreasm/RedNoiseEstimatorComparison/ClusterCode/EstimationMethods.py", line 4, in <module>
    import EstimationMethods
    import EstimationMethods
  File "/home/andreasm/RedNoiseEstimatorComparison/ClusterCode/EstimationMethods.py", line 4, in <module>
  File "/home/andreasm/RedNoiseEstimatorComparison/ClusterCode/EstimationMethods.py", line 4, in <module>
    import EstimationMethods
  File "/home/andreasm/RedNoiseEstimatorComparison/ClusterCode/EstimationMethods.py", line 4, in <module>
    import statsmodels.api as sm
ModuleNotFoundError: No module named 'statsmodels'
    import statsmodels.api as sm
    import statsmodels.api as sm
ModuleNotFoundError: No module named 'statsmodels'
    import statsmodels.api as sm
ModuleNotFoundError: No module named 'statsmodels'
    import statsmodels.api as sm
ModuleNotFoundError: No module named 'statsmodels'
ModuleNotFoundError: No module named 'statsmodels'
    import EstimationMethods
  File "/home/andreasm/RedNoiseEstimatorComparison/ClusterCode/EstimationMethods.py", line 4, in <module>
    import statsmodels.api as sm
ModuleNotFoundError: No module named 'statsmodels'
Traceback (most recent call last):
  File "/home/andreasm/RedNoiseEstimatorComparison/ClusterCode/run_part.py", line 1, in <module>
    import tpr_fpr_auc
  File "/home/andreasm/RedNoiseEstimatorComparison/ClusterCode/tpr_fpr_auc.py", line 5, in <module>
    import EstimationMethods
  File "/home/andreasm/RedNoiseEstimatorComparison/ClusterCode/EstimationMethods.py", line 4, in <module>
    import statsmodels.api as sm
ModuleNotFoundError: No module named 'statsmodels'
    import statsmodels.api as sm
ModuleNotFoundError: No module named 'statsmodels'
    import statsmodels.api as sm
    import statsmodels.api as sm
ModuleNotFoundError: No module named 'statsmodels'
    import EstimationMethods
  File "/home/andreasm/RedNoiseEstimatorComparison/ClusterCode/EstimationMethods.py", line 4, in <module>
    import statsmodels.api as sm
    import statsmodels.api as sm
    import statsmodels.api as sm
ModuleNotFoundError: No module named 'statsmodels'
    import statsmodels.api as sm
ModuleNotFoundError: No module named 'statsmodels'
    import statsmodels.api as sm
    import EstimationMethods
    import EstimationMethods
  File "/home/andreasm/RedNoiseEstimatorComparison/ClusterCode/EstimationMethods.py", line 4, in <module>
    import statsmodels.api as sm
ModuleNotFoundError: No module named 'statsmodels'
    import statsmodels.api as sm
ModuleNotFoundError: No module named 'statsmodels'
ModuleNotFoundError: No module named 'statsmodels'
    import statsmodels.api as sm
    import statsmodels.api as sm
    import statsmodels.api as sm
ModuleNotFoundError: No module named 'statsmodels'
  File "/home/andreasm/RedNoiseEstimatorComparison/ClusterCode/EstimationMethods.py", line 4, in <module>
    import statsmodels.api as sm
ModuleNotFoundError: No module named 'statsmodels'
    import statsmodels.api as sm
    import statsmodels.api as sm
    import statsmodels.api as sm
ModuleNotFoundError: No module named 'statsmodels'
    import statsmodels.api as sm
    import statsmodels.api as sm
    import statsmodels.api as sm
ModuleNotFoundError: No module named 'statsmodels'
ModuleNotFoundError: No module named 'statsmodels'
ModuleNotFoundError: No module named 'statsmodels'
    import statsmodels.api as sm
ModuleNotFoundError: No module named 'statsmodels'
    import statsmodels.api as sm
    import statsmodels.api as sm
ModuleNotFoundError: No module named 'statsmodels'
ModuleNotFoundError: No module named 'statsmodels'
    import statsmodels.api as sm
ModuleNotFoundError: No module named 'statsmodels'
ModuleNotFoundError: No module named 'statsmodels'
    import statsmodels.api as sm
ModuleNotFoundError: No module named 'statsmodels'
ModuleNotFoundError: No module named 'statsmodels'
    import statsmodels.api as sm
    import statsmodels.api as sm
    import statsmodels.api as sm
ModuleNotFoundError: No module named 'statsmodels'
ModuleNotFoundError: No module named 'statsmodels'
    import statsmodels.api as sm
ModuleNotFoundError: No module named 'statsmodels'
    import statsmodels.api as sm
    import statsmodels.api as sm
    import statsmodels.api as sm
    import statsmodels.api as sm
ModuleNotFoundError: No module named 'statsmodels'
    import statsmodels.api as sm
ModuleNotFoundError: No module named 'statsmodels'
ModuleNotFoundError: No module named 'statsmodels'
ModuleNotFoundError: No module named 'statsmodels'
    import statsmodels.api as sm
    import statsmodels.api as sm
ModuleNotFoundError: No module named 'statsmodels'
ModuleNotFoundError: No module named 'statsmodels'
ModuleNotFoundError: No module named 'statsmodels'
ModuleNotFoundError: No module named 'statsmodels'
ModuleNotFoundError: No module named 'statsmodels'
    import statsmodels.api as sm
    import statsmodels.api as sm
    import statsmodels.api as sm
    import statsmodels.api as sm
ModuleNotFoundError: No module named 'statsmodels'
ModuleNotFoundError: No module named 'statsmodels'
    import statsmodels.api as sm
    import statsmodels.api as sm
ModuleNotFoundError: No module named 'statsmodels'
    import statsmodels.api as sm
    import statsmodels.api as sm
ModuleNotFoundError: No module named 'statsmodels'
    import statsmodels.api as sm
    import statsmodels.api as sm
ModuleNotFoundError: No module named 'statsmodels'
    import statsmodels.api as sm
    import statsmodels.api as sm
ModuleNotFoundError: No module named 'statsmodels'
ModuleNotFoundError: No module named 'statsmodels'
    import statsmodels.api as sm
ModuleNotFoundError: No module named 'statsmodels'
ModuleNotFoundError: No module named 'statsmodels'
ModuleNotFoundError: No module named 'statsmodels'
ModuleNotFoundError: No module named 'statsmodels'
ModuleNotFoundError: No module named 'statsmodels'
ModuleNotFoundError: No module named 'statsmodels'
ModuleNotFoundError: No module named 'statsmodels'
    import statsmodels.api as sm
    import statsmodels.api as sm
ModuleNotFoundError: No module named 'statsmodels'
    import statsmodels.api as sm
ModuleNotFoundError: No module named 'statsmodels'
    import statsmodels.api as sm
ModuleNotFoundError: No module named 'statsmodels'
ModuleNotFoundError: No module named 'statsmodels'
    import statsmodels.api as sm
    import statsmodels.api as sm
ModuleNotFoundError: No module named 'statsmodels'
ModuleNotFoundError: No module named 'statsmodels'
ModuleNotFoundError: No module named 'statsmodels'
    import statsmodels.api as sm
ModuleNotFoundError: No module named 'statsmodels'
ModuleNotFoundError: No module named 'statsmodels'
ModuleNotFoundError: No module named 'statsmodels'
srun: error: cs-h14c03b04: tasks 51-55: Exited with exit code 1
srun: Terminating job step 26736347.0
srun: error: cs-i14c01b07: tasks 76-80: Exited with exit code 1
srun: error: cs-h14c03b03: tasks 46-50: Exited with exit code 1
srun: error: cs-h14c05b05: tasks 66-70: Exited with exit code 1
srun: error: cs-h14c03b08: tasks 56-60: Exited with exit code 1
srun: error: cs-g14c06b10: tasks 31-35: Exited with exit code 1
srun: error: cs-h14c05b06: tasks 71-75: Exited with exit code 1
srun: error: cs-g14c05b09: tasks 16-20: Exited with exit code 1
srun: error: cs-g14c05b10: tasks 21-25: Exited with exit code 1
srun: error: cs-h14c03b09: tasks 61-65: Exited with exit code 1
srun: error: cs-g14c03b12: tasks 11-15: Exited with exit code 1
srun: error: cs-g14c06b12: tasks 41-45: Exited with exit code 1
srun: error: cs-g14c06b11: tasks 36-40: Exited with exit code 1
srun: error: cs-g14c06b06: tasks 26-30: Exited with exit code 1
srun: error: cs-f14c06b11: tasks 0-5: Exited with exit code 1
srun: error: cs-f14c06b12: tasks 6-10: Exited with exit code 1
