------------------------------------------------------------
SLURM JOB ID: 28845796
96 tasks
------------------------------------------------------------
MPI startup(): shm:dapl fabric is unknown or has been removed from the product, please use ofi or shm:ofi instead.
MPI startup(): I_MPI_DAPL_UD variable has been removed from the product, its value is ignored

MPI startup(): I_MPI_DAPL_UD_PROVIDER variable has been removed from the product, its value is ignored

Start time: 2024-01-26 16:34:46; Progress: 0%
End time: 2024-01-26 17:16:52; Progress: 0%
Start time: 2024-01-26 16:34:46; Progress: 0%
End time: 2024-01-26 17:36:37; Progress: 0%
Start time: 2024-01-26 16:34:46; Progress: 0%
End time: 2024-01-26 17:41:23; Progress: 0%
Start time: 2024-01-26 16:34:46; Progress: 0%
End time: 2024-01-26 17:58:26; Progress: 0%
Start time: 2024-01-26 16:34:46; Progress: 0%
End time: 2024-01-26 18:13:08; Progress: 0%
Start time: 2024-01-26 16:34:46; Progress: 0%
End time: 2024-01-26 18:14:34; Progress: 0%
Start time: 2024-01-26 16:34:46; Progress: 0%
End time: 2024-01-26 18:14:31; Progress: 0%
Start time: 2024-01-26 16:34:46; Progress: 0%
End time: 2024-01-26 18:31:59; Progress: 0%
Start time: 2024-01-26 16:34:46; Progress: 0%
End time: 2024-01-26 18:38:15; Progress: 0%
Start time: 2024-01-26 16:34:46; Progress: 0%
End time: 2024-01-26 18:43:04; Progress: 0%
Start time: 2024-01-26 16:34:46; Progress: 0%
End time: 2024-01-26 18:56:37; Progress: 0%
Start time: 2024-01-26 16:34:46; Progress: 0%
End time: 2024-01-26 18:58:12; Progress: 0%
Start time: 2024-01-26 16:34:46; Progress: 0%
End time: 2024-01-26 19:07:43; Progress: 0%
Start time: 2024-01-26 16:34:46; Progress: 0%
End time: 2024-01-26 19:17:17; Progress: 0%
Start time: 2024-01-26 16:34:46; Progress: 0%
End time: 2024-01-26 19:26:15; Progress: 0%
Start time: 2024-01-26 16:34:46; Progress: 0%
End time: 2024-01-26 19:36:32; Progress: 0%
Start time: 2024-01-26 16:34:46; Progress: 0%
End time: 2024-01-26 19:39:32; Progress: 0%
Start time: 2024-01-26 16:34:46; Progress: 0%
End time: 2024-01-26 19:47:05; Progress: 0%
Start time: 2024-01-26 16:34:46; Progress: 0%
End time: 2024-01-26 19:47:43; Progress: 0%
Start time: 2024-01-26 16:34:46; Progress: 0%
End time: 2024-01-26 19:53:53; Progress: 0%
Start time: 2024-01-26 16:34:46; Progress: 0%
End time: 2024-01-26 20:14:33; Progress: 0%
Start time: 2024-01-26 16:34:46; Progress: 0%
End time: 2024-01-26 20:15:14; Progress: 0%
Start time: 2024-01-26 16:34:46; Progress: 0%
End time: 2024-01-26 20:37:01; Progress: 0%
Start time: 2024-01-26 16:34:46; Progress: 0%
End time: 2024-01-26 20:45:21; Progress: 0%
Start time: 2024-01-26 16:34:46; Progress: 0%
End time: 2024-01-26 21:00:59; Progress: 0%
Start time: 2024-01-26 16:34:46; Progress: 0%
End time: 2024-01-26 21:01:49; Progress: 0%
Start time: 2024-01-26 16:34:46; Progress: 0%
End time: 2024-01-26 21:09:53; Progress: 0%
Start time: 2024-01-26 16:34:46; Progress: 0%
End time: 2024-01-26 21:15:30; Progress: 0%
Start time: 2024-01-26 16:34:46; Progress: 0%
End time: 2024-01-26 21:28:40; Progress: 0%
Start time: 2024-01-26 16:34:46; Progress: 0%
End time: 2024-01-26 21:53:06; Progress: 0%
Start time: 2024-01-26 16:34:46; Progress: 0%
End time: 2024-01-26 21:52:03; Progress: 0%
Start time: 2024-01-26 16:34:46; Progress: 0%
End time: 2024-01-26 21:59:39; Progress: 0%
Start time: 2024-01-26 16:34:46; Progress: 0%
End time: 2024-01-26 22:00:17; Progress: 0%
Start time: 2024-01-26 16:34:46; Progress: 0%
End time: 2024-01-26 22:08:29; Progress: 0%
Start time: 2024-01-26 16:34:46; Progress: 0%
End time: 2024-01-26 22:31:35; Progress: 0%
Start time: 2024-01-26 16:34:46; Progress: 0%
End time: 2024-01-26 22:23:46; Progress: 0%
Start time: 2024-01-26 16:34:46; Progress: 0%
End time: 2024-01-26 22:44:31; Progress: 0%
Start time: 2024-01-26 16:34:46; Progress: 0%
End time: 2024-01-26 23:06:10; Progress: 0%
Start time: 2024-01-26 16:34:46; Progress: 0%
End time: 2024-01-26 23:03:13; Progress: 0%
Start time: 2024-01-26 16:34:46; Progress: 0%
End time: 2024-01-26 23:39:17; Progress: 0%
Start time: 2024-01-26 16:34:46; Progress: 0%
End time: 2024-01-26 23:41:11; Progress: 0%
Start time: 2024-01-26 16:34:46; Progress: 0%
End time: 2024-01-27 00:14:02; Progress: 0%
Start time: 2024-01-26 16:34:46; Progress: 0%
End time: 2024-01-27 00:21:38; Progress: 0%
Start time: 2024-01-26 16:34:46; Progress: 0%
End time: 2024-01-27 00:37:59; Progress: 0%
Start time: 2024-01-26 16:34:46; Progress: 0%
End time: 2024-01-27 00:48:13; Progress: 0%
Start time: 2024-01-26 16:34:46; Progress: 0%
End time: 2024-01-27 01:25:46; Progress: 0%
Start time: 2024-01-26 16:34:46; Progress: 0%
End time: 2024-01-27 01:21:19; Progress: 0%
Start time: 2024-01-26 16:34:46; Progress: 0%
End time: 2024-01-27 01:26:38; Progress: 0%
Start time: 2024-01-26 16:34:46; Progress: 0%
End time: 2024-01-27 02:09:47; Progress: 0%
Start time: 2024-01-26 16:34:46; Progress: 0%
End time: 2024-01-27 01:48:51; Progress: 0%
Start time: 2024-01-26 16:34:46; Progress: 0%
End time: 2024-01-27 03:07:08; Progress: 0%
Start time: 2024-01-26 16:34:46; Progress: 0%
End time: 2024-01-27 03:13:39; Progress: 0%
Start time: 2024-01-26 16:34:46; Progress: 0%
End time: 2024-01-27 02:43:56; Progress: 0%
Start time: 2024-01-26 16:34:46; Progress: 0%
End time: 2024-01-27 03:37:37; Progress: 0%
Start time: 2024-01-26 16:34:46; Progress: 0%
End time: 2024-01-27 03:43:31; Progress: 0%
Start time: 2024-01-26 16:34:46; Progress: 0%
End time: 2024-01-27 04:00:52; Progress: 0%
Start time: 2024-01-26 16:34:46; Progress: 0%
End time: 2024-01-27 04:20:03; Progress: 0%
Start time: 2024-01-26 16:34:46; Progress: 0%
End time: 2024-01-27 04:28:57; Progress: 0%
Start time: 2024-01-26 16:34:46; Progress: 0%
End time: 2024-01-27 05:34:25; Progress: 0%
Start time: 2024-01-26 16:34:46; Progress: 0%
End time: 2024-01-27 05:36:55; Progress: 0%
Start time: 2024-01-26 16:34:46; Progress: 0%
End time: 2024-01-27 06:40:41; Progress: 0%
Start time: 2024-01-26 16:34:46; Progress: 0%
End time: 2024-01-27 07:01:15; Progress: 0%
Start time: 2024-01-26 16:34:46; Progress: 0%
End time: 2024-01-27 06:54:24; Progress: 0%
Start time: 2024-01-26 16:34:46; Progress: 0%
End time: 2024-01-27 07:38:12; Progress: 0%
Start time: 2024-01-26 16:34:46; Progress: 0%
End time: 2024-01-27 07:11:38; Progress: 0%
Start time: 2024-01-26 16:34:46; Progress: 0%
End time: 2024-01-27 08:03:06; Progress: 0%
Start time: 2024-01-26 16:34:46; Progress: 0%
End time: 2024-01-27 08:24:21; Progress: 0%
Start time: 2024-01-26 16:34:46; Progress: 0%
End time: 2024-01-27 09:29:20; Progress: 0%
Start time: 2024-01-26 16:34:46; Progress: 0%
End time: 2024-01-27 10:10:45; Progress: 0%
Start time: 2024-01-26 16:34:46; Progress: 0%
End time: 2024-01-27 10:28:20; Progress: 0%
Start time: 2024-01-26 16:34:46; Progress: 0%
End time: 2024-01-27 10:04:11; Progress: 0%
Start time: 2024-01-26 16:34:46; Progress: 0%
End time: 2024-01-27 10:35:43; Progress: 0%
Start time: 2024-01-26 16:34:46; Progress: 0%
End time: 2024-01-27 11:41:18; Progress: 0%
Start time: 2024-01-26 16:34:46; Progress: 0%
End time: 2024-01-27 12:59:04; Progress: 0%
Start time: 2024-01-26 16:34:46; Progress: 0%
End time: 2024-01-27 13:30:31; Progress: 0%
Start time: 2024-01-26 16:34:46; Progress: 0%
End time: 2024-01-27 14:33:00; Progress: 0%
Start time: 2024-01-26 16:34:46; Progress: 0%
End time: 2024-01-27 16:14:51; Progress: 0%
Start time: 2024-01-26 16:34:46; Progress: 0%
End time: 2024-01-27 18:07:34; Progress: 0%
Start time: 2024-01-26 16:34:46; Progress: 0%
End time: 2024-01-27 17:30:59; Progress: 0%
Start time: 2024-01-26 16:34:46; Progress: 0%
End time: 2024-01-27 19:34:35; Progress: 0%
Start time: 2024-01-26 16:34:46; Progress: 0%
End time: 2024-01-27 21:49:01; Progress: 0%
