------------------------------------------------------------
SLURM JOB ID: 26753532
64 tasks
------------------------------------------------------------
Start time: 2023-06-01 17:36:56; Progress: 0%
End time: 2023-06-01 17:54:43; Progress: 1%
Start time: 2023-06-01 17:36:56; Progress: 0%
End time: 2023-06-01 18:04:35; Progress: 1%
Start time: 2023-06-01 17:36:56; Progress: 0%
End time: 2023-06-01 18:08:13; Progress: 1%
Start time: 2023-06-01 17:36:56; Progress: 0%
End time: 2023-06-01 18:14:20; Progress: 1%
Start time: 2023-06-01 17:36:56; Progress: 0%
End time: 2023-06-01 18:24:16; Progress: 1%
Start time: 2023-06-01 17:36:56; Progress: 0%
End time: 2023-06-01 18:26:19; Progress: 1%
Start time: 2023-06-01 17:36:56; Progress: 0%
End time: 2023-06-01 18:26:16; Progress: 1%
Start time: 2023-06-01 17:36:56; Progress: 0%
End time: 2023-06-01 18:40:13; Progress: 1%
Start time: 2023-06-01 17:36:56; Progress: 0%
End time: 2023-06-01 18:41:00; Progress: 1%
Start time: 2023-06-01 17:36:56; Progress: 0%
End time: 2023-06-01 18:38:31; Progress: 1%
Start time: 2023-06-01 17:36:56; Progress: 0%
End time: 2023-06-01 18:43:43; Progress: 1%
Start time: 2023-06-01 17:36:56; Progress: 0%
End time: 2023-06-01 18:51:50; Progress: 1%
Start time: 2023-06-01 17:36:56; Progress: 0%
End time: 2023-06-01 18:53:49; Progress: 1%
Start time: 2023-06-01 17:36:56; Progress: 0%
End time: 2023-06-01 18:57:27; Progress: 1%
Start time: 2023-06-01 17:36:56; Progress: 0%
End time: 2023-06-01 18:58:39; Progress: 1%
Start time: 2023-06-01 17:36:56; Progress: 0%
End time: 2023-06-01 19:04:30; Progress: 1%
Start time: 2023-06-01 17:36:56; Progress: 0%
End time: 2023-06-01 19:09:08; Progress: 1%
Start time: 2023-06-01 17:36:56; Progress: 0%
End time: 2023-06-01 19:21:40; Progress: 1%
Start time: 2023-06-01 17:36:56; Progress: 0%
End time: 2023-06-01 19:26:57; Progress: 1%
Start time: 2023-06-01 17:36:56; Progress: 0%
End time: 2023-06-01 19:44:54; Progress: 1%
Start time: 2023-06-01 17:36:56; Progress: 0%
End time: 2023-06-01 19:42:57; Progress: 1%
Start time: 2023-06-01 17:36:56; Progress: 0%
End time: 2023-06-01 19:44:50; Progress: 1%
Start time: 2023-06-01 17:36:56; Progress: 0%
End time: 2023-06-01 21:05:54; Progress: 1%
Start time: 2023-06-01 17:36:56; Progress: 0%
End time: 2023-06-01 19:45:56; Progress: 1%
Start time: 2023-06-01 17:36:56; Progress: 0%
End time: 2023-06-01 19:52:08; Progress: 1%
Start time: 2023-06-01 17:36:56; Progress: 0%
End time: 2023-06-01 19:55:49; Progress: 1%
Start time: 2023-06-01 17:36:56; Progress: 0%
End time: 2023-06-01 19:59:26; Progress: 1%
Start time: 2023-06-01 17:36:56; Progress: 0%
End time: 2023-06-01 20:01:49; Progress: 1%
Start time: 2023-06-01 17:36:56; Progress: 0%
End time: 2023-06-01 20:16:01; Progress: 1%
Start time: 2023-06-01 17:36:56; Progress: 0%
End time: 2023-06-01 20:11:02; Progress: 1%
Start time: 2023-06-01 17:36:56; Progress: 0%
End time: 2023-06-01 20:20:57; Progress: 1%
Start time: 2023-06-01 17:36:56; Progress: 0%
End time: 2023-06-01 20:32:58; Progress: 1%
Start time: 2023-06-01 17:36:56; Progress: 0%
End time: 2023-06-01 20:34:26; Progress: 1%
Start time: 2023-06-01 17:36:56; Progress: 0%
End time: 2023-06-01 20:35:49; Progress: 1%
Start time: 2023-06-01 17:36:56; Progress: 0%
End time: 2023-06-01 20:49:02; Progress: 1%
Start time: 2023-06-01 17:36:56; Progress: 0%
End time: 2023-06-01 20:55:29; Progress: 1%
Start time: 2023-06-01 17:36:56; Progress: 0%
End time: 2023-06-01 20:56:37; Progress: 1%
Start time: 2023-06-01 17:36:56; Progress: 0%
End time: 2023-06-01 21:10:27; Progress: 1%
Start time: 2023-06-01 17:36:56; Progress: 0%
End time: 2023-06-01 21:25:56; Progress: 1%
Start time: 2023-06-01 17:36:56; Progress: 0%
End time: 2023-06-01 21:15:36; Progress: 1%
Start time: 2023-06-01 17:36:56; Progress: 0%
End time: 2023-06-01 21:31:15; Progress: 1%
Start time: 2023-06-01 17:36:56; Progress: 0%
End time: 2023-06-01 21:36:06; Progress: 1%
Start time: 2023-06-01 17:36:56; Progress: 0%
End time: 2023-06-01 21:50:12; Progress: 1%
Start time: 2023-06-01 17:36:56; Progress: 0%
End time: 2023-06-02 01:26:29; Progress: 1%
Start time: 2023-06-01 17:36:56; Progress: 0%
End time: 2023-06-01 21:59:10; Progress: 1%
Start time: 2023-06-01 17:36:56; Progress: 0%
End time: 2023-06-01 22:22:33; Progress: 1%
Start time: 2023-06-01 17:36:56; Progress: 0%
End time: 2023-06-01 22:26:49; Progress: 1%
Start time: 2023-06-01 17:36:56; Progress: 0%
End time: 2023-06-01 22:35:46; Progress: 1%
Start time: 2023-06-01 17:36:56; Progress: 0%
End time: 2023-06-01 22:43:09; Progress: 1%
Start time: 2023-06-01 17:36:56; Progress: 0%
End time: 2023-06-01 22:49:55; Progress: 1%
Start time: 2023-06-01 17:36:56; Progress: 0%
End time: 2023-06-01 23:08:33; Progress: 1%
Start time: 2023-06-01 17:36:56; Progress: 0%
End time: 2023-06-01 23:00:57; Progress: 1%
Start time: 2023-06-01 17:36:56; Progress: 0%
End time: 2023-06-01 23:36:33; Progress: 1%
Start time: 2023-06-01 17:36:56; Progress: 0%
End time: 2023-06-01 23:34:09; Progress: 1%
Start time: 2023-06-01 17:36:56; Progress: 0%
End time: 2023-06-01 23:35:56; Progress: 1%
Start time: 2023-06-01 17:36:56; Progress: 0%
End time: 2023-06-01 23:47:04; Progress: 1%
Start time: 2023-06-01 17:36:56; Progress: 0%
End time: 2023-06-02 00:03:38; Progress: 1%
Start time: 2023-06-01 17:36:56; Progress: 0%
End time: 2023-06-02 00:09:42; Progress: 1%
Start time: 2023-06-01 17:36:56; Progress: 0%
End time: 2023-06-02 00:34:52; Progress: 1%
Start time: 2023-06-01 17:36:56; Progress: 0%
End time: 2023-06-02 01:46:58; Progress: 1%
Start time: 2023-06-01 17:36:56; Progress: 0%
End time: 2023-06-02 00:47:15; Progress: 1%
Start time: 2023-06-01 17:36:56; Progress: 0%
End time: 2023-06-02 01:12:48; Progress: 1%
Start time: 2023-06-01 17:36:56; Progress: 0%
End time: 2023-06-02 01:48:56; Progress: 1%
Start time: 2023-06-01 17:36:56; Progress: 0%
End time: 2023-06-02 01:47:48; Progress: 1%
Start time: 2023-06-01 17:36:56; Progress: 0%
End time: 2023-06-02 01:47:44; Progress: 1%
Start time: 2023-06-01 17:36:56; Progress: 0%
End time: 2023-06-02 02:16:48; Progress: 1%
Start time: 2023-06-01 17:36:56; Progress: 0%
End time: 2023-06-02 02:23:23; Progress: 1%
Start time: 2023-06-01 17:36:56; Progress: 0%
End time: 2023-06-02 02:36:34; Progress: 1%
Start time: 2023-06-01 17:36:56; Progress: 0%
End time: 2023-06-02 03:26:33; Progress: 1%
Start time: 2023-06-01 17:36:56; Progress: 0%
End time: 2023-06-02 03:26:40; Progress: 1%
Start time: 2023-06-01 17:36:56; Progress: 0%
End time: 2023-06-02 03:44:35; Progress: 1%
Start time: 2023-06-01 17:36:56; Progress: 0%
End time: 2023-06-02 03:43:48; Progress: 1%
Start time: 2023-06-01 17:36:56; Progress: 0%
End time: 2023-06-02 04:37:15; Progress: 1%
Start time: 2023-06-01 17:36:56; Progress: 0%
End time: 2023-06-02 05:11:15; Progress: 1%
Start time: 2023-06-01 17:36:56; Progress: 0%
End time: 2023-06-02 05:30:08; Progress: 1%
Start time: 2023-06-01 17:36:56; Progress: 0%
End time: 2023-06-02 06:31:04; Progress: 1%
Start time: 2023-06-01 17:36:56; Progress: 0%
End time: 2023-06-02 06:20:23; Progress: 1%
Start time: 2023-06-01 17:36:56; Progress: 0%
End time: 2023-06-02 06:39:41; Progress: 1%
Start time: 2023-06-01 17:36:56; Progress: 0%
End time: 2023-06-02 07:54:44; Progress: 1%
Start time: 2023-06-01 17:36:56; Progress: 0%
End time: 2023-06-02 08:22:09; Progress: 1%
Start time: 2023-06-01 17:36:56; Progress: 0%
End time: 2023-06-02 10:13:22; Progress: 1%
