------------------------------------------------------------
SLURM JOB ID: 28870222
96 tasks
------------------------------------------------------------
MPI startup(): shm:dapl fabric is unknown or has been removed from the product, please use ofi or shm:ofi instead.
MPI startup(): I_MPI_DAPL_UD variable has been removed from the product, its value is ignored

MPI startup(): I_MPI_DAPL_UD_PROVIDER variable has been removed from the product, its value is ignored

Start time: 2024-02-04 22:34:05; Progress: 0%
End time: 2024-02-04 23:17:11; Progress: 0%
Start time: 2024-02-04 22:34:05; Progress: 0%
End time: 2024-02-04 23:34:46; Progress: 0%
Start time: 2024-02-04 22:34:05; Progress: 0%
End time: 2024-02-04 23:36:34; Progress: 0%
Start time: 2024-02-04 22:34:05; Progress: 0%
End time: 2024-02-04 23:52:46; Progress: 0%
Start time: 2024-02-04 22:34:05; Progress: 0%
End time: 2024-02-05 00:10:37; Progress: 0%
Start time: 2024-02-04 22:34:05; Progress: 0%
End time: 2024-02-05 00:09:12; Progress: 0%
Start time: 2024-02-04 22:34:05; Progress: 0%
End time: 2024-02-05 00:14:26; Progress: 0%
Start time: 2024-02-04 22:34:05; Progress: 0%
End time: 2024-02-05 00:37:33; Progress: 0%
Start time: 2024-02-04 22:34:05; Progress: 0%
End time: 2024-02-05 00:41:59; Progress: 0%
Start time: 2024-02-04 22:34:05; Progress: 0%
End time: 2024-02-05 00:39:38; Progress: 0%
Start time: 2024-02-04 22:34:05; Progress: 0%
End time: 2024-02-05 00:55:02; Progress: 0%
Start time: 2024-02-04 22:34:05; Progress: 0%
End time: 2024-02-05 00:53:05; Progress: 0%
Start time: 2024-02-04 22:34:05; Progress: 0%
End time: 2024-02-05 01:10:52; Progress: 0%
Start time: 2024-02-04 22:34:05; Progress: 0%
End time: 2024-02-05 01:17:11; Progress: 0%
Start time: 2024-02-04 22:34:05; Progress: 0%
End time: 2024-02-05 01:25:56; Progress: 0%
Start time: 2024-02-04 22:34:05; Progress: 0%
End time: 2024-02-05 01:30:44; Progress: 0%
Start time: 2024-02-04 22:34:05; Progress: 0%
End time: 2024-02-05 01:44:32; Progress: 0%
Start time: 2024-02-04 22:34:06; Progress: 0%
End time: 2024-02-05 01:41:35; Progress: 0%
Start time: 2024-02-04 22:34:05; Progress: 0%
End time: 2024-02-05 01:47:57; Progress: 0%
Start time: 2024-02-04 22:34:05; Progress: 0%
End time: 2024-02-05 01:55:13; Progress: 0%
Start time: 2024-02-04 22:34:05; Progress: 0%
End time: 2024-02-05 02:00:17; Progress: 0%
Start time: 2024-02-04 22:34:05; Progress: 0%
End time: 2024-02-05 02:11:46; Progress: 0%
Start time: 2024-02-04 22:34:05; Progress: 0%
End time: 2024-02-05 02:38:00; Progress: 0%
Start time: 2024-02-04 22:34:05; Progress: 0%
End time: 2024-02-05 02:48:31; Progress: 0%
Start time: 2024-02-04 22:34:05; Progress: 0%
End time: 2024-02-05 02:59:29; Progress: 0%
Start time: 2024-02-04 22:34:06; Progress: 0%
End time: 2024-02-05 02:48:27; Progress: 0%
Start time: 2024-02-04 22:34:05; Progress: 0%
End time: 2024-02-05 03:04:37; Progress: 0%
Start time: 2024-02-04 22:34:05; Progress: 0%
End time: 2024-02-05 03:16:52; Progress: 0%
Start time: 2024-02-04 22:34:05; Progress: 0%
End time: 2024-02-05 03:39:52; Progress: 0%
Start time: 2024-02-04 22:34:05; Progress: 0%
End time: 2024-02-05 03:35:44; Progress: 0%
Start time: 2024-02-04 22:34:05; Progress: 0%
End time: 2024-02-05 03:48:18; Progress: 0%
Start time: 2024-02-04 22:34:06; Progress: 0%
End time: 2024-02-05 03:52:28; Progress: 0%
Start time: 2024-02-04 22:34:05; Progress: 0%
End time: 2024-02-05 04:06:29; Progress: 0%
Start time: 2024-02-04 22:34:05; Progress: 0%
End time: 2024-02-05 04:11:23; Progress: 0%
Start time: 2024-02-04 22:34:05; Progress: 0%
End time: 2024-02-05 04:44:07; Progress: 0%
Start time: 2024-02-04 22:34:06; Progress: 0%
End time: 2024-02-05 04:44:44; Progress: 0%
Start time: 2024-02-04 22:34:05; Progress: 0%
End time: 2024-02-05 04:58:13; Progress: 0%
Start time: 2024-02-04 22:34:05; Progress: 0%
End time: 2024-02-05 05:34:41; Progress: 0%
Start time: 2024-02-04 22:34:05; Progress: 0%
End time: 2024-02-05 05:48:20; Progress: 0%
Start time: 2024-02-04 22:34:06; Progress: 0%
End time: 2024-02-05 05:53:47; Progress: 0%
Start time: 2024-02-04 22:34:05; Progress: 0%
End time: 2024-02-05 06:09:12; Progress: 0%
Start time: 2024-02-04 22:34:05; Progress: 0%
End time: 2024-02-05 06:10:32; Progress: 0%
Start time: 2024-02-04 22:34:05; Progress: 0%
End time: 2024-02-05 07:00:53; Progress: 0%
Start time: 2024-02-04 22:34:05; Progress: 0%
End time: 2024-02-05 07:10:38; Progress: 0%
Start time: 2024-02-04 22:34:06; Progress: 0%
End time: 2024-02-05 07:16:22; Progress: 0%
Start time: 2024-02-04 22:34:05; Progress: 0%
End time: 2024-02-05 07:52:27; Progress: 0%
Start time: 2024-02-04 22:34:05; Progress: 0%
End time: 2024-02-05 08:07:01; Progress: 0%
Start time: 2024-02-04 22:34:05; Progress: 0%
End time: 2024-02-05 08:12:32; Progress: 0%
Start time: 2024-02-04 22:34:06; Progress: 0%
End time: 2024-02-05 08:20:21; Progress: 0%
Start time: 2024-02-04 22:34:05; Progress: 0%
End time: 2024-02-05 09:11:11; Progress: 0%
Start time: 2024-02-04 22:34:05; Progress: 0%
End time: 2024-02-05 09:23:16; Progress: 0%
Start time: 2024-02-04 22:34:05; Progress: 0%
End time: 2024-02-05 09:53:12; Progress: 0%
Start time: 2024-02-04 22:34:05; Progress: 0%
End time: 2024-02-05 09:49:53; Progress: 0%
Start time: 2024-02-04 22:34:05; Progress: 0%
End time: 2024-02-05 10:08:05; Progress: 0%
Start time: 2024-02-04 22:34:06; Progress: 0%
End time: 2024-02-05 10:49:36; Progress: 0%
Start time: 2024-02-04 22:34:05; Progress: 0%
End time: 2024-02-05 11:05:33; Progress: 0%
Start time: 2024-02-04 22:34:05; Progress: 0%
End time: 2024-02-05 11:10:33; Progress: 0%
Start time: 2024-02-04 22:34:05; Progress: 0%
End time: 2024-02-05 11:09:38; Progress: 0%
Start time: 2024-02-04 22:34:05; Progress: 0%
End time: 2024-02-05 11:05:20; Progress: 0%
Start time: 2024-02-04 22:34:05; Progress: 0%
End time: 2024-02-05 12:31:03; Progress: 0%
Start time: 2024-02-04 22:34:05; Progress: 0%
End time: 2024-02-05 12:18:03; Progress: 0%
Start time: 2024-02-04 22:34:05; Progress: 0%
End time: 2024-02-05 13:06:02; Progress: 0%
Start time: 2024-02-04 22:34:05; Progress: 0%
End time: 2024-02-05 13:01:11; Progress: 0%
Start time: 2024-02-04 22:34:05; Progress: 0%
End time: 2024-02-05 13:27:45; Progress: 0%
Start time: 2024-02-04 22:34:05; Progress: 0%
End time: 2024-02-05 14:47:10; Progress: 0%
Start time: 2024-02-04 22:34:05; Progress: 0%
End time: 2024-02-05 15:18:32; Progress: 0%
Start time: 2024-02-04 22:34:05; Progress: 0%
End time: 2024-02-05 15:30:39; Progress: 0%
Start time: 2024-02-04 22:34:05; Progress: 0%
End time: 2024-02-05 18:53:39; Progress: 0%
Start time: 2024-02-04 22:34:05; Progress: 0%
End time: 2024-02-05 16:52:07; Progress: 0%
Start time: 2024-02-04 22:34:05; Progress: 0%
End time: 2024-02-05 16:39:33; Progress: 0%
Start time: 2024-02-04 22:34:05; Progress: 0%
End time: 2024-02-05 17:30:02; Progress: 0%
Start time: 2024-02-04 22:34:06; Progress: 0%
End time: 2024-02-05 18:41:42; Progress: 0%
Start time: 2024-02-04 22:34:05; Progress: 0%
End time: 2024-02-05 19:02:12; Progress: 0%
Start time: 2024-02-04 22:34:05; Progress: 0%
End time: 2024-02-05 19:51:10; Progress: 0%
Start time: 2024-02-04 22:34:06; Progress: 0%
End time: 2024-02-05 21:51:28; Progress: 0%
Start time: 2024-02-04 22:34:06; Progress: 0%
End time: 2024-02-05 20:42:55; Progress: 0%
Start time: 2024-02-04 22:34:05; Progress: 0%
End time: 2024-02-05 22:11:24; Progress: 0%
Start time: 2024-02-04 22:34:05; Progress: 0%
End time: 2024-02-05 23:49:03; Progress: 0%
Start time: 2024-02-04 22:34:05; Progress: 0%
End time: 2024-02-06 00:14:37; Progress: 0%
Start time: 2024-02-04 22:34:05; Progress: 0%
End time: 2024-02-06 02:33:51; Progress: 0%
Start time: 2024-02-04 22:34:05; Progress: 0%
End time: 2024-02-06 04:08:43; Progress: 0%
