------------------------------------------------------------
SLURM JOB ID: 26395008
64 tasks
------------------------------------------------------------
MPI startup(): shm:dapl fabric is unknown or has been removed from the product, please use ofi or shm:ofi instead.
MPI startup(): I_MPI_DAPL_UD variable has been removed from the product, its value is ignored

MPI startup(): I_MPI_DAPL_UD_PROVIDER variable has been removed from the product, its value is ignored

Start time: 2023-04-13 10:42:10; Progress: 0%
End time: 2023-04-13 10:49:35; Progress: 1%
Start time: 2023-04-13 10:42:10; Progress: 0%
End time: 2023-04-13 10:53:51; Progress: 1%
Start time: 2023-04-13 10:42:10; Progress: 0%
End time: 2023-04-13 10:57:38; Progress: 1%
Start time: 2023-04-13 10:42:10; Progress: 0%
End time: 2023-04-13 11:01:20; Progress: 1%
Start time: 2023-04-13 10:42:10; Progress: 0%
End time: 2023-04-13 11:05:15; Progress: 1%
Start time: 2023-04-13 10:42:10; Progress: 0%
End time: 2023-04-13 11:08:22; Progress: 1%
Start time: 2023-04-13 10:42:10; Progress: 0%
End time: 2023-04-13 11:13:28; Progress: 1%
Start time: 2023-04-13 10:42:10; Progress: 0%
End time: 2023-04-13 11:16:20; Progress: 1%
Start time: 2023-04-13 10:42:10; Progress: 0%
End time: 2023-04-13 11:19:48; Progress: 1%
