------------------------------------------------------------
SLURM JOB ID: 27964711
64 tasks
------------------------------------------------------------
MPI startup(): shm:dapl fabric is unknown or has been removed from the product, please use ofi or shm:ofi instead.
MPI startup(): I_MPI_DAPL_UD variable has been removed from the product, its value is ignored

MPI startup(): I_MPI_DAPL_UD_PROVIDER variable has been removed from the product, its value is ignored

Start time: 2023-09-21 03:11:10; Progress: 0%
End time: 2023-09-21 03:26:56; Progress: 0%
Start time: 2023-09-21 03:11:10; Progress: 0%
End time: 2023-09-21 03:34:36; Progress: 0%
Start time: 2023-09-21 03:11:10; Progress: 0%
End time: 2023-09-21 03:35:10; Progress: 0%
Start time: 2023-09-21 03:11:10; Progress: 0%
End time: 2023-09-21 03:43:10; Progress: 0%
Start time: 2023-09-21 03:11:10; Progress: 0%
End time: 2023-09-21 03:49:18; Progress: 0%
Start time: 2023-09-21 03:11:10; Progress: 0%
End time: 2023-09-21 03:49:46; Progress: 0%
Start time: 2023-09-21 03:11:10; Progress: 0%
End time: 2023-09-21 03:50:35; Progress: 0%
Start time: 2023-09-21 03:11:10; Progress: 0%
End time: 2023-09-21 03:58:27; Progress: 0%
Start time: 2023-09-21 03:11:10; Progress: 0%
End time: 2023-09-21 03:59:52; Progress: 0%
Start time: 2023-09-21 03:11:10; Progress: 0%
End time: 2023-09-21 04:01:21; Progress: 0%
Start time: 2023-09-21 03:11:10; Progress: 0%
End time: 2023-09-21 04:06:15; Progress: 0%
Start time: 2023-09-21 03:11:10; Progress: 0%
End time: 2023-09-21 04:06:05; Progress: 0%
Start time: 2023-09-21 03:11:10; Progress: 0%
End time: 2023-09-21 04:14:05; Progress: 0%
Start time: 2023-09-21 03:11:10; Progress: 0%
End time: 2023-09-21 04:15:51; Progress: 0%
Start time: 2023-09-21 03:11:10; Progress: 0%
End time: 2023-09-21 04:20:41; Progress: 0%
Start time: 2023-09-21 03:11:10; Progress: 0%
End time: 2023-09-21 04:21:31; Progress: 0%
Start time: 2023-09-21 03:11:10; Progress: 0%
End time: 2023-09-21 04:24:12; Progress: 0%
Start time: 2023-09-21 03:11:10; Progress: 0%
End time: 2023-09-21 04:27:38; Progress: 0%
Start time: 2023-09-21 03:11:10; Progress: 0%
End time: 2023-09-21 04:28:08; Progress: 0%
Start time: 2023-09-21 03:11:10; Progress: 0%
End time: 2023-09-21 04:35:47; Progress: 0%
Start time: 2023-09-21 03:11:10; Progress: 0%
End time: 2023-09-21 04:36:59; Progress: 0%
Start time: 2023-09-21 03:11:10; Progress: 0%
End time: 2023-09-21 04:39:51; Progress: 0%
Start time: 2023-09-21 03:11:10; Progress: 0%
End time: 2023-09-21 04:45:04; Progress: 0%
Start time: 2023-09-21 03:11:10; Progress: 0%
End time: 2023-09-21 04:48:18; Progress: 0%
Start time: 2023-09-21 03:11:10; Progress: 0%
End time: 2023-09-21 04:51:08; Progress: 0%
Start time: 2023-09-21 03:11:10; Progress: 0%
End time: 2023-09-21 04:54:33; Progress: 0%
Start time: 2023-09-21 03:11:10; Progress: 0%
End time: 2023-09-21 04:58:46; Progress: 0%
Start time: 2023-09-21 03:11:10; Progress: 0%
End time: 2023-09-21 05:02:34; Progress: 0%
Start time: 2023-09-21 03:11:10; Progress: 0%
End time: 2023-09-21 05:03:50; Progress: 0%
Start time: 2023-09-21 03:11:10; Progress: 0%
End time: 2023-09-21 05:14:28; Progress: 0%
Start time: 2023-09-21 03:11:10; Progress: 0%
End time: 2023-09-21 05:13:05; Progress: 0%
Start time: 2023-09-21 03:11:10; Progress: 0%
End time: 2023-09-21 05:18:42; Progress: 0%
Start time: 2023-09-21 03:11:10; Progress: 0%
End time: 2023-09-21 05:21:53; Progress: 0%
Start time: 2023-09-21 03:11:10; Progress: 0%
End time: 2023-09-21 05:32:00; Progress: 0%
Start time: 2023-09-21 03:11:10; Progress: 0%
End time: 2023-09-21 05:31:11; Progress: 0%
Start time: 2023-09-21 03:11:10; Progress: 0%
End time: 2023-09-21 05:28:39; Progress: 0%
Start time: 2023-09-21 03:11:10; Progress: 0%
End time: 2023-09-21 05:38:45; Progress: 0%
Start time: 2023-09-21 03:11:10; Progress: 0%
End time: 2023-09-21 05:41:17; Progress: 0%
Start time: 2023-09-21 03:11:10; Progress: 0%
End time: 2023-09-21 05:47:42; Progress: 0%
Start time: 2023-09-21 03:11:10; Progress: 0%
End time: 2023-09-21 05:59:06; Progress: 0%
Start time: 2023-09-21 03:11:10; Progress: 0%
End time: 2023-09-21 06:03:22; Progress: 0%
Start time: 2023-09-21 03:11:10; Progress: 0%
End time: 2023-09-21 06:03:49; Progress: 0%
Start time: 2023-09-21 03:11:10; Progress: 0%
End time: 2023-09-21 06:10:25; Progress: 0%
Start time: 2023-09-21 03:11:10; Progress: 0%
End time: 2023-09-21 06:08:33; Progress: 0%
Start time: 2023-09-21 03:11:10; Progress: 0%
End time: 2023-09-21 06:28:24; Progress: 0%
Start time: 2023-09-21 03:11:10; Progress: 0%
End time: 2023-09-21 06:28:25; Progress: 0%
Start time: 2023-09-21 03:11:10; Progress: 0%
End time: 2023-09-21 06:33:39; Progress: 0%
Start time: 2023-09-21 03:11:10; Progress: 0%
End time: 2023-09-21 06:35:34; Progress: 0%
Start time: 2023-09-21 03:11:10; Progress: 0%
End time: 2023-09-21 06:33:34; Progress: 0%
Start time: 2023-09-21 03:11:10; Progress: 0%
End time: 2023-09-21 06:46:49; Progress: 0%
Start time: 2023-09-21 03:11:10; Progress: 0%
End time: 2023-09-21 07:01:30; Progress: 0%
Start time: 2023-09-21 03:11:10; Progress: 0%
End time: 2023-09-21 07:00:55; Progress: 0%
Start time: 2023-09-21 03:11:10; Progress: 0%
End time: 2023-09-21 07:04:47; Progress: 0%
Start time: 2023-09-21 03:11:10; Progress: 0%
End time: 2023-09-21 07:28:10; Progress: 0%
Start time: 2023-09-21 03:11:10; Progress: 0%
End time: 2023-09-21 07:24:51; Progress: 0%
Start time: 2023-09-21 03:11:10; Progress: 0%
End time: 2023-09-21 07:27:10; Progress: 0%
Start time: 2023-09-21 03:11:10; Progress: 0%
End time: 2023-09-21 07:43:17; Progress: 0%
Start time: 2023-09-21 03:11:10; Progress: 0%
End time: 2023-09-21 08:13:59; Progress: 0%
Start time: 2023-09-21 03:11:10; Progress: 0%
End time: 2023-09-21 08:16:45; Progress: 0%
Start time: 2023-09-21 03:11:10; Progress: 0%
End time: 2023-09-21 08:04:00; Progress: 0%
Start time: 2023-09-21 03:11:10; Progress: 0%
End time: 2023-09-21 08:23:50; Progress: 0%
Start time: 2023-09-21 03:11:10; Progress: 0%
End time: 2023-09-21 08:28:18; Progress: 0%
Start time: 2023-09-21 03:11:10; Progress: 0%
End time: 2023-09-21 08:50:36; Progress: 0%
Start time: 2023-09-21 03:11:10; Progress: 0%
End time: 2023-09-21 08:57:37; Progress: 0%
Start time: 2023-09-21 03:11:10; Progress: 0%
End time: 2023-09-21 09:06:16; Progress: 0%
Start time: 2023-09-21 03:11:10; Progress: 0%
End time: 2023-09-21 09:13:46; Progress: 0%
