------------------------------------------------------------
SLURM JOB ID: 27965693
64 tasks
------------------------------------------------------------
MPI startup(): shm:dapl fabric is unknown or has been removed from the product, please use ofi or shm:ofi instead.
MPI startup(): I_MPI_DAPL_UD variable has been removed from the product, its value is ignored

MPI startup(): I_MPI_DAPL_UD_PROVIDER variable has been removed from the product, its value is ignored

Start time: 2023-09-22 02:12:32; Progress: 0%
End time: 2023-09-22 02:29:15; Progress: 0%
Start time: 2023-09-22 02:12:32; Progress: 0%
End time: 2023-09-22 02:36:03; Progress: 0%
Start time: 2023-09-22 02:12:32; Progress: 0%
End time: 2023-09-22 02:38:04; Progress: 0%
Start time: 2023-09-22 02:12:32; Progress: 0%
End time: 2023-09-22 02:50:25; Progress: 0%
Start time: 2023-09-22 02:12:32; Progress: 0%
End time: 2023-09-22 02:50:26; Progress: 0%
Start time: 2023-09-22 02:12:32; Progress: 0%
End time: 2023-09-22 02:52:23; Progress: 0%
Start time: 2023-09-22 02:12:32; Progress: 0%
End time: 2023-09-22 03:00:52; Progress: 0%
Start time: 2023-09-22 02:12:32; Progress: 0%
End time: 2023-09-22 03:03:34; Progress: 0%
Start time: 2023-09-22 02:12:32; Progress: 0%
End time: 2023-09-22 03:03:38; Progress: 0%
Start time: 2023-09-22 02:12:32; Progress: 0%
End time: 2023-09-22 03:06:56; Progress: 0%
Start time: 2023-09-22 02:12:32; Progress: 0%
End time: 2023-09-22 03:09:07; Progress: 0%
Start time: 2023-09-22 02:12:32; Progress: 0%
End time: 2023-09-22 03:15:44; Progress: 0%
Start time: 2023-09-22 02:12:32; Progress: 0%
End time: 2023-09-22 03:19:36; Progress: 0%
Start time: 2023-09-22 02:12:32; Progress: 0%
End time: 2023-09-22 02:43:18; Progress: 0%
Start time: 2023-09-22 02:12:32; Progress: 0%
End time: 2023-09-22 03:20:01; Progress: 0%
Start time: 2023-09-22 02:12:32; Progress: 0%
End time: 2023-09-22 03:26:06; Progress: 0%
Start time: 2023-09-22 02:12:32; Progress: 0%
End time: 2023-09-22 03:34:36; Progress: 0%
Start time: 2023-09-22 02:12:32; Progress: 0%
End time: 2023-09-22 03:29:03; Progress: 0%
Start time: 2023-09-22 02:12:32; Progress: 0%
End time: 2023-09-22 03:30:20; Progress: 0%
Start time: 2023-09-22 02:12:32; Progress: 0%
End time: 2023-09-22 03:38:54; Progress: 0%
Start time: 2023-09-22 02:12:32; Progress: 0%
End time: 2023-09-22 03:39:54; Progress: 0%
Start time: 2023-09-22 02:12:32; Progress: 0%
End time: 2023-09-22 03:45:04; Progress: 0%
Start time: 2023-09-22 02:12:32; Progress: 0%
End time: 2023-09-22 03:48:49; Progress: 0%
Start time: 2023-09-22 02:12:32; Progress: 0%
End time: 2023-09-22 03:55:53; Progress: 0%
Start time: 2023-09-22 02:12:32; Progress: 0%
End time: 2023-09-22 03:56:02; Progress: 0%
Start time: 2023-09-22 02:12:32; Progress: 0%
End time: 2023-09-22 03:59:43; Progress: 0%
Start time: 2023-09-22 02:12:32; Progress: 0%
End time: 2023-09-22 04:02:54; Progress: 0%
Start time: 2023-09-22 02:12:32; Progress: 0%
End time: 2023-09-22 03:30:43; Progress: 0%
Start time: 2023-09-22 02:12:32; Progress: 0%
End time: 2023-09-22 04:12:52; Progress: 0%
Start time: 2023-09-22 02:12:32; Progress: 0%
End time: 2023-09-22 04:14:42; Progress: 0%
Start time: 2023-09-22 02:12:32; Progress: 0%
End time: 2023-09-22 04:12:22; Progress: 0%
Start time: 2023-09-22 02:12:32; Progress: 0%
End time: 2023-09-22 04:17:51; Progress: 0%
Start time: 2023-09-22 02:12:32; Progress: 0%
End time: 2023-09-22 04:23:11; Progress: 0%
Start time: 2023-09-22 02:12:32; Progress: 0%
End time: 2023-09-22 04:26:38; Progress: 0%
Start time: 2023-09-22 02:12:32; Progress: 0%
End time: 2023-09-22 04:28:31; Progress: 0%
Start time: 2023-09-22 02:12:32; Progress: 0%
End time: 2023-09-22 04:30:40; Progress: 0%
Start time: 2023-09-22 02:12:32; Progress: 0%
End time: 2023-09-22 04:36:31; Progress: 0%
Start time: 2023-09-22 02:12:32; Progress: 0%
End time: 2023-09-22 04:42:04; Progress: 0%
Start time: 2023-09-22 02:12:32; Progress: 0%
End time: 2023-09-22 04:53:20; Progress: 0%
Start time: 2023-09-22 02:12:32; Progress: 0%
End time: 2023-09-22 05:00:05; Progress: 0%
Start time: 2023-09-22 02:12:32; Progress: 0%
End time: 2023-09-22 05:01:02; Progress: 0%
Start time: 2023-09-22 02:12:32; Progress: 0%
End time: 2023-09-22 05:09:19; Progress: 0%
Start time: 2023-09-22 02:12:32; Progress: 0%
End time: 2023-09-22 05:14:09; Progress: 0%
Start time: 2023-09-22 02:12:32; Progress: 0%
End time: 2023-09-22 05:23:59; Progress: 0%
Start time: 2023-09-22 02:12:32; Progress: 0%
End time: 2023-09-22 05:39:03; Progress: 0%
Start time: 2023-09-22 02:12:32; Progress: 0%
End time: 2023-09-22 05:39:54; Progress: 0%
Start time: 2023-09-22 02:12:32; Progress: 0%
End time: 2023-09-22 05:45:21; Progress: 0%
Start time: 2023-09-22 02:12:32; Progress: 0%
End time: 2023-09-22 05:42:06; Progress: 0%
Start time: 2023-09-22 02:12:32; Progress: 0%
End time: 2023-09-22 06:04:16; Progress: 0%
Start time: 2023-09-22 02:12:32; Progress: 0%
End time: 2023-09-22 06:12:57; Progress: 0%
Start time: 2023-09-22 02:12:32; Progress: 0%
End time: 2023-09-22 06:19:23; Progress: 0%
Start time: 2023-09-22 02:12:32; Progress: 0%
End time: 2023-09-22 06:26:02; Progress: 0%
Start time: 2023-09-22 02:12:32; Progress: 0%
End time: 2023-09-22 06:25:20; Progress: 0%
Start time: 2023-09-22 02:12:32; Progress: 0%
End time: 2023-09-22 06:22:46; Progress: 0%
Start time: 2023-09-22 02:12:32; Progress: 0%
End time: 2023-09-22 06:47:18; Progress: 0%
Start time: 2023-09-22 02:12:32; Progress: 0%
End time: 2023-09-22 06:56:54; Progress: 0%
Start time: 2023-09-22 02:12:32; Progress: 0%
End time: 2023-09-22 07:25:49; Progress: 0%
Start time: 2023-09-22 02:12:32; Progress: 0%
End time: 2023-09-22 07:20:03; Progress: 0%
Start time: 2023-09-22 02:12:32; Progress: 0%
End time: 2023-09-22 05:11:40; Progress: 0%
Start time: 2023-09-22 02:12:32; Progress: 0%
End time: 2023-09-22 07:24:06; Progress: 0%
Start time: 2023-09-22 02:12:32; Progress: 0%
End time: 2023-09-22 07:41:05; Progress: 0%
Start time: 2023-09-22 02:12:32; Progress: 0%
End time: 2023-09-22 05:46:41; Progress: 0%
Start time: 2023-09-22 02:12:32; Progress: 0%
End time: 2023-09-22 07:59:24; Progress: 0%
Start time: 2023-09-22 02:12:32; Progress: 0%
End time: 2023-09-22 07:57:18; Progress: 0%
Start time: 2023-09-22 02:12:32; Progress: 0%
End time: 2023-09-22 08:13:14; Progress: 0%
Start time: 2023-09-22 02:12:32; Progress: 0%
End time: 2023-09-22 08:20:13; Progress: 0%
Start time: 2023-09-22 02:12:32; Progress: 0%
End time: 2023-09-22 08:47:57; Progress: 0%
Start time: 2023-09-22 02:12:32; Progress: 0%
End time: 2023-09-22 08:45:26; Progress: 0%
Start time: 2023-09-22 02:12:32; Progress: 0%
End time: 2023-09-22 09:04:31; Progress: 0%
Start time: 2023-09-22 02:12:32; Progress: 0%
End time: 2023-09-22 09:07:33; Progress: 0%
Start time: 2023-09-22 02:12:32; Progress: 0%
End time: 2023-09-22 07:48:23; Progress: 0%
Start time: 2023-09-22 02:12:32; Progress: 0%
End time: 2023-09-22 09:49:30; Progress: 0%
Start time: 2023-09-22 02:12:32; Progress: 0%
End time: 2023-09-22 10:07:09; Progress: 0%
