------------------------------------------------------------
SLURM JOB ID: 26673583
64 tasks
------------------------------------------------------------
Start time: 2023-05-19 12:51:02; Progress: 0%
End time: 2023-05-19 13:09:46; Progress: 1%
Start time: 2023-05-19 12:51:02; Progress: 0%
End time: 2023-05-19 13:17:41; Progress: 1%
Start time: 2023-05-19 12:51:02; Progress: 0%
End time: 2023-05-19 13:19:24; Progress: 1%
Start time: 2023-05-19 12:51:02; Progress: 0%
End time: 2023-05-19 13:25:52; Progress: 1%
Start time: 2023-05-19 12:51:02; Progress: 0%
End time: 2023-05-19 13:34:27; Progress: 1%
Start time: 2023-05-19 12:51:02; Progress: 0%
End time: 2023-05-19 13:34:08; Progress: 1%
Start time: 2023-05-19 12:51:02; Progress: 0%
End time: 2023-05-19 13:37:59; Progress: 1%
Start time: 2023-05-19 12:51:02; Progress: 0%
End time: 2023-05-19 13:43:59; Progress: 1%
Start time: 2023-05-19 12:51:02; Progress: 0%
End time: 2023-05-19 13:46:57; Progress: 1%
Start time: 2023-05-19 12:51:02; Progress: 0%
End time: 2023-05-19 13:51:45; Progress: 1%
Start time: 2023-05-19 12:51:02; Progress: 0%
End time: 2023-05-19 13:55:27; Progress: 1%
Start time: 2023-05-19 12:51:02; Progress: 0%
End time: 2023-05-19 13:58:53; Progress: 1%
Start time: 2023-05-19 12:51:02; Progress: 0%
End time: 2023-05-19 13:57:37; Progress: 1%
Start time: 2023-05-19 12:51:02; Progress: 0%
End time: 2023-05-19 14:01:39; Progress: 1%
Start time: 2023-05-19 12:51:02; Progress: 0%
End time: 2023-05-19 14:09:16; Progress: 1%
Start time: 2023-05-19 12:51:02; Progress: 0%
End time: 2023-05-19 14:14:07; Progress: 1%
Start time: 2023-05-19 12:51:02; Progress: 0%
End time: 2023-05-19 14:16:01; Progress: 1%
Start time: 2023-05-19 12:51:02; Progress: 0%
End time: 2023-05-19 14:18:37; Progress: 1%
Start time: 2023-05-19 12:51:02; Progress: 0%
End time: 2023-05-19 14:18:28; Progress: 1%
Start time: 2023-05-19 12:51:02; Progress: 0%
End time: 2023-05-19 14:24:24; Progress: 1%
Start time: 2023-05-19 12:51:02; Progress: 0%
End time: 2023-05-19 14:33:36; Progress: 1%
Start time: 2023-05-19 12:51:02; Progress: 0%
End time: 2023-05-19 14:36:47; Progress: 1%
Start time: 2023-05-19 12:51:02; Progress: 0%
End time: 2023-05-19 14:40:45; Progress: 1%
Start time: 2023-05-19 12:51:02; Progress: 0%
End time: 2023-05-19 14:47:01; Progress: 1%
Start time: 2023-05-19 12:51:02; Progress: 0%
End time: 2023-05-19 14:52:19; Progress: 1%
Start time: 2023-05-19 12:51:02; Progress: 0%
End time: 2023-05-19 14:51:02; Progress: 1%
Start time: 2023-05-19 12:51:02; Progress: 0%
End time: 2023-05-19 14:58:13; Progress: 1%
Start time: 2023-05-19 12:51:02; Progress: 0%
End time: 2023-05-19 15:13:29; Progress: 1%
Start time: 2023-05-19 12:51:02; Progress: 0%
End time: 2023-05-19 15:09:41; Progress: 1%
Start time: 2023-05-19 12:51:02; Progress: 0%
End time: 2023-05-19 15:13:50; Progress: 1%
Start time: 2023-05-19 12:51:02; Progress: 0%
End time: 2023-05-19 15:21:46; Progress: 1%
Start time: 2023-05-19 12:51:02; Progress: 0%
End time: 2023-05-19 15:25:34; Progress: 1%
Start time: 2023-05-19 12:51:02; Progress: 0%
End time: 2023-05-19 15:27:23; Progress: 1%
Start time: 2023-05-19 12:51:02; Progress: 0%
End time: 2023-05-19 15:34:48; Progress: 1%
Start time: 2023-05-19 12:51:02; Progress: 0%
End time: 2023-05-19 15:41:48; Progress: 1%
Start time: 2023-05-19 12:51:02; Progress: 0%
End time: 2023-05-19 15:47:08; Progress: 1%
Start time: 2023-05-19 12:51:02; Progress: 0%
End time: 2023-05-19 15:57:27; Progress: 1%
Start time: 2023-05-19 12:51:02; Progress: 0%
End time: 2023-05-19 15:56:30; Progress: 1%
Start time: 2023-05-19 12:51:02; Progress: 0%
End time: 2023-05-19 16:03:52; Progress: 1%
Start time: 2023-05-19 12:51:02; Progress: 0%
End time: 2023-05-19 16:15:10; Progress: 1%
Start time: 2023-05-19 12:51:02; Progress: 0%
End time: 2023-05-19 16:27:18; Progress: 1%
Start time: 2023-05-19 12:51:02; Progress: 0%
End time: 2023-05-19 16:19:55; Progress: 1%
Start time: 2023-05-19 12:51:02; Progress: 0%
End time: 2023-05-19 16:24:26; Progress: 1%
Start time: 2023-05-19 12:51:02; Progress: 0%
End time: 2023-05-19 16:34:50; Progress: 1%
Start time: 2023-05-19 12:51:02; Progress: 0%
End time: 2023-05-19 16:35:51; Progress: 1%
Start time: 2023-05-19 12:51:02; Progress: 0%
End time: 2023-05-19 17:03:07; Progress: 1%
Start time: 2023-05-19 12:51:02; Progress: 0%
End time: 2023-05-19 16:59:24; Progress: 1%
Start time: 2023-05-19 12:51:02; Progress: 0%
End time: 2023-05-19 17:18:03; Progress: 1%
Start time: 2023-05-19 12:51:02; Progress: 0%
End time: 2023-05-19 17:18:46; Progress: 1%
Start time: 2023-05-19 12:51:02; Progress: 0%
End time: 2023-05-19 17:16:23; Progress: 1%
Start time: 2023-05-19 12:51:02; Progress: 0%
End time: 2023-05-19 17:32:19; Progress: 1%
Start time: 2023-05-19 12:51:02; Progress: 0%
End time: 2023-05-19 17:47:19; Progress: 1%
Start time: 2023-05-19 12:51:02; Progress: 0%
End time: 2023-05-19 18:05:09; Progress: 1%
Start time: 2023-05-19 12:51:02; Progress: 0%
End time: 2023-05-19 18:02:50; Progress: 1%
Start time: 2023-05-19 12:51:02; Progress: 0%
End time: 2023-05-19 18:09:31; Progress: 1%
Start time: 2023-05-19 12:51:02; Progress: 0%
End time: 2023-05-19 18:12:12; Progress: 1%
Start time: 2023-05-19 12:51:02; Progress: 0%
End time: 2023-05-19 18:24:13; Progress: 1%
Start time: 2023-05-19 12:51:02; Progress: 0%
End time: 2023-05-19 18:55:59; Progress: 1%
Start time: 2023-05-19 12:51:02; Progress: 0%
End time: 2023-05-19 18:55:35; Progress: 1%
Start time: 2023-05-19 12:51:02; Progress: 0%
End time: 2023-05-19 18:59:32; Progress: 1%
Start time: 2023-05-19 12:51:02; Progress: 0%
End time: 2023-05-19 19:35:45; Progress: 1%
Start time: 2023-05-19 12:51:02; Progress: 0%
End time: 2023-05-19 19:40:22; Progress: 1%
Start time: 2023-05-19 12:51:02; Progress: 0%
End time: 2023-05-19 19:53:25; Progress: 1%
Start time: 2023-05-19 12:51:02; Progress: 0%
End time: 2023-05-19 19:54:20; Progress: 1%
Start time: 2023-05-19 12:51:02; Progress: 0%
End time: 2023-05-19 20:09:47; Progress: 1%
Start time: 2023-05-19 12:51:02; Progress: 0%
End time: 2023-05-19 20:26:25; Progress: 1%
Start time: 2023-05-19 12:51:02; Progress: 0%
End time: 2023-05-19 20:54:40; Progress: 1%
Start time: 2023-05-19 12:51:02; Progress: 0%
End time: 2023-05-19 20:52:03; Progress: 1%
Start time: 2023-05-19 12:51:02; Progress: 0%
End time: 2023-05-19 21:37:27; Progress: 1%
Start time: 2023-05-19 12:51:02; Progress: 0%
End time: 2023-05-19 21:55:51; Progress: 1%
Start time: 2023-05-19 12:51:02; Progress: 0%
End time: 2023-05-19 21:55:14; Progress: 1%
Start time: 2023-05-19 12:51:02; Progress: 0%
End time: 2023-05-19 21:58:56; Progress: 1%
Start time: 2023-05-19 12:51:02; Progress: 0%
End time: 2023-05-19 23:03:28; Progress: 1%
Start time: 2023-05-19 12:51:02; Progress: 0%
End time: 2023-05-19 22:54:45; Progress: 1%
Start time: 2023-05-19 12:51:02; Progress: 0%
End time: 2023-05-19 22:57:41; Progress: 1%
Start time: 2023-05-19 12:51:02; Progress: 0%
End time: 2023-05-19 23:50:39; Progress: 1%
Start time: 2023-05-19 12:51:02; Progress: 0%
End time: 2023-05-20 00:48:50; Progress: 1%
Start time: 2023-05-19 12:51:02; Progress: 0%
End time: 2023-05-20 00:56:02; Progress: 1%
Start time: 2023-05-19 12:51:02; Progress: 0%
End time: 2023-05-20 01:52:55; Progress: 1%
Start time: 2023-05-19 12:51:02; Progress: 0%
End time: 2023-05-20 01:52:33; Progress: 1%
Start time: 2023-05-19 12:51:02; Progress: 0%
End time: 2023-05-20 04:15:27; Progress: 1%
