srun: Warning: can't honor --ntasks-per-node set to 6 which doesn't match the requested tasks 81 with the number of requested nodes 16. Ignoring --ntasks-per-node.
Traceback (most recent call last):
  File "/home/andreasm/RedNoiseEstimatorComparison/ClusterCode/run_part.py", line 13, in <module>
Traceback (most recent call last):
  File "/home/andreasm/RedNoiseEstimatorComparison/ClusterCode/run_part.py", line 13, in <module>
Traceback (most recent call last):
  File "/home/andreasm/RedNoiseEstimatorComparison/ClusterCode/run_part.py", line 13, in <module>
Traceback (most recent call last):
  File "/home/andreasm/RedNoiseEstimatorComparison/ClusterCode/run_part.py", line 13, in <module>
Traceback (most recent call last):
  File "/home/andreasm/RedNoiseEstimatorComparison/ClusterCode/run_part.py", line 13, in <module>
    tpr_fpr_auc.get_tpr_fpr_auc(i_,j_)
  File "/home/andreasm/RedNoiseEstimatorComparison/ClusterCode/tpr_fpr_auc.py", line 23, in get_tpr_fpr_auc
    tpr_fpr_auc.get_tpr_fpr_auc(i_,j_)
  File "/home/andreasm/RedNoiseEstimatorComparison/ClusterCode/tpr_fpr_auc.py", line 23, in get_tpr_fpr_auc
    tpr_fpr_auc.get_tpr_fpr_auc(i_,j_)
  File "/home/andreasm/RedNoiseEstimatorComparison/ClusterCode/tpr_fpr_auc.py", line 23, in get_tpr_fpr_auc
    tpr_fpr_auc.get_tpr_fpr_auc(i_,j_)
  File "/home/andreasm/RedNoiseEstimatorComparison/ClusterCode/tpr_fpr_auc.py", line 23, in get_tpr_fpr_auc
    os.makedirs("tpr_fpr_auc")
    os.makedirs("tpr_fpr_auc")
  File "/home/andreasm/.conda/envs/env_andreasm/lib/python3.10/os.py", line 225, in makedirs
    os.makedirs("tpr_fpr_auc")
  File "/home/andreasm/.conda/envs/env_andreasm/lib/python3.10/os.py", line 225, in makedirs
  File "/home/andreasm/.conda/envs/env_andreasm/lib/python3.10/os.py", line 225, in makedirs
    os.makedirs("tpr_fpr_auc")
  File "/home/andreasm/.conda/envs/env_andreasm/lib/python3.10/os.py", line 225, in makedirs
    tpr_fpr_auc.get_tpr_fpr_auc(i_,j_)
  File "/home/andreasm/RedNoiseEstimatorComparison/ClusterCode/tpr_fpr_auc.py", line 23, in get_tpr_fpr_auc
    os.makedirs("tpr_fpr_auc")
  File "/home/andreasm/.conda/envs/env_andreasm/lib/python3.10/os.py", line 225, in makedirs
    mkdir(name, mode)
FileExistsError: [Errno 17] File exists: 'tpr_fpr_auc'
    mkdir(name, mode)
    mkdir(name, mode)
    mkdir(name, mode)
FileExistsError: [Errno 17] File exists: 'tpr_fpr_auc'
    mkdir(name, mode)
FileExistsError: [Errno 17] File exists: 'tpr_fpr_auc'
FileExistsError: [Errno 17] File exists: 'tpr_fpr_auc'
FileExistsError: [Errno 17] File exists: 'tpr_fpr_auc'
srun: error: cs-i14c05b04: task 31: Exited with exit code 1
srun: Terminating job step 27952693.0
slurmstepd: error: *** STEP 27952693.0 ON cs-i14c03b05 CANCELLED AT 2023-09-20T17:28:58 ***
srun: error: cs-i14c03b09: tasks 16,18-20: Exited with exit code 1
