------------------------------------------------------------
SLURM JOB ID: 26175464
64 tasks
------------------------------------------------------------
Start time: 2023-03-13 19:06:46; Progress: 0%
End time: 2023-03-13 19:48:40; Progress: 1%
Start time: 2023-03-13 19:06:46; Progress: 0%
End time: 2023-03-13 20:12:07; Progress: 1%
Start time: 2023-03-13 19:06:46; Progress: 0%
End time: 2023-03-13 20:19:58; Progress: 1%
Start time: 2023-03-13 19:06:46; Progress: 0%
End time: 2023-03-13 20:29:55; Progress: 1%
Start time: 2023-03-13 19:06:46; Progress: 0%
End time: 2023-03-13 20:29:16; Progress: 1%
Start time: 2023-03-13 19:06:46; Progress: 0%
End time: 2023-03-13 20:49:39; Progress: 1%
Start time: 2023-03-13 19:06:46; Progress: 0%
End time: 2023-03-13 21:02:39; Progress: 1%
Start time: 2023-03-13 19:06:46; Progress: 0%
End time: 2023-03-13 21:06:13; Progress: 1%
Start time: 2023-03-13 19:06:46; Progress: 0%
End time: 2023-03-13 21:04:54; Progress: 1%
Start time: 2023-03-13 19:06:46; Progress: 0%
End time: 2023-03-13 21:15:17; Progress: 1%
Start time: 2023-03-13 19:06:46; Progress: 0%
End time: 2023-03-13 21:14:58; Progress: 1%
Start time: 2023-03-13 19:06:46; Progress: 0%
End time: 2023-03-13 21:25:01; Progress: 1%
Start time: 2023-03-13 19:06:46; Progress: 0%
End time: 2023-03-13 21:40:03; Progress: 1%
Start time: 2023-03-13 19:06:46; Progress: 0%
End time: 2023-03-13 21:42:18; Progress: 1%
Start time: 2023-03-13 19:06:46; Progress: 0%
End time: 2023-03-13 22:18:02; Progress: 1%
Start time: 2023-03-13 19:06:46; Progress: 0%
End time: 2023-03-13 22:08:09; Progress: 1%
Start time: 2023-03-13 19:06:46; Progress: 0%
End time: 2023-03-13 22:15:21; Progress: 1%
Start time: 2023-03-13 19:06:46; Progress: 0%
End time: 2023-03-13 22:41:51; Progress: 1%
Start time: 2023-03-13 19:06:46; Progress: 0%
End time: 2023-03-13 22:38:21; Progress: 1%
Start time: 2023-03-13 19:06:46; Progress: 0%
End time: 2023-03-13 22:50:55; Progress: 1%
Start time: 2023-03-13 19:06:46; Progress: 0%
End time: 2023-03-13 22:49:16; Progress: 1%
Start time: 2023-03-13 19:06:46; Progress: 0%
End time: 2023-03-13 23:53:39; Progress: 1%
Start time: 2023-03-13 19:06:46; Progress: 0%
End time: 2023-03-13 23:09:50; Progress: 1%
Start time: 2023-03-13 19:06:46; Progress: 0%
End time: 2023-03-13 23:22:23; Progress: 1%
Start time: 2023-03-13 19:06:46; Progress: 0%
End time: 2023-03-13 23:37:12; Progress: 1%
Start time: 2023-03-13 19:06:46; Progress: 0%
End time: 2023-03-13 23:26:59; Progress: 1%
Start time: 2023-03-13 19:06:46; Progress: 0%
End time: 2023-03-13 23:37:50; Progress: 1%
Start time: 2023-03-13 19:06:46; Progress: 0%
End time: 2023-03-13 23:35:13; Progress: 1%
Start time: 2023-03-13 19:06:46; Progress: 0%
End time: 2023-03-14 00:03:31; Progress: 1%
Start time: 2023-03-13 19:06:46; Progress: 0%
End time: 2023-03-13 23:58:51; Progress: 1%
Start time: 2023-03-13 19:06:46; Progress: 0%
End time: 2023-03-14 00:11:56; Progress: 1%
Start time: 2023-03-13 19:06:46; Progress: 0%
End time: 2023-03-14 00:08:38; Progress: 1%
Start time: 2023-03-13 19:06:46; Progress: 0%
End time: 2023-03-14 00:15:02; Progress: 1%
Start time: 2023-03-13 19:06:46; Progress: 0%
End time: 2023-03-14 01:17:51; Progress: 1%
Start time: 2023-03-13 19:06:46; Progress: 0%
End time: 2023-03-14 01:05:45; Progress: 1%
Start time: 2023-03-13 19:06:46; Progress: 0%
End time: 2023-03-14 01:21:07; Progress: 1%
Start time: 2023-03-13 19:06:46; Progress: 0%
End time: 2023-03-14 01:06:52; Progress: 1%
Start time: 2023-03-13 19:06:46; Progress: 0%
End time: 2023-03-14 01:33:41; Progress: 1%
Start time: 2023-03-13 19:06:46; Progress: 0%
End time: 2023-03-14 01:31:45; Progress: 1%
Start time: 2023-03-13 19:06:46; Progress: 0%
End time: 2023-03-14 01:49:16; Progress: 1%
Start time: 2023-03-13 19:06:46; Progress: 0%
End time: 2023-03-14 02:11:48; Progress: 1%
Start time: 2023-03-13 19:06:46; Progress: 0%
End time: 2023-03-14 02:10:14; Progress: 1%
Start time: 2023-03-13 19:06:46; Progress: 0%
End time: 2023-03-14 02:42:51; Progress: 1%
Start time: 2023-03-13 19:06:46; Progress: 0%
End time: 2023-03-14 02:50:51; Progress: 1%
Start time: 2023-03-13 19:06:46; Progress: 0%
End time: 2023-03-14 02:32:55; Progress: 1%
Start time: 2023-03-13 19:06:46; Progress: 0%
End time: 2023-03-14 03:16:50; Progress: 1%
Start time: 2023-03-13 19:06:46; Progress: 0%
End time: 2023-03-14 03:32:50; Progress: 1%
Start time: 2023-03-13 19:06:46; Progress: 0%
End time: 2023-03-14 03:42:26; Progress: 1%
Start time: 2023-03-13 19:06:46; Progress: 0%
End time: 2023-03-14 03:42:01; Progress: 1%
Start time: 2023-03-13 19:06:46; Progress: 0%
End time: 2023-03-14 03:37:05; Progress: 1%
Start time: 2023-03-13 19:06:46; Progress: 0%
End time: 2023-03-14 04:13:02; Progress: 1%
Start time: 2023-03-13 19:06:46; Progress: 0%
End time: 2023-03-14 04:51:13; Progress: 1%
Start time: 2023-03-13 19:06:46; Progress: 0%
End time: 2023-03-14 05:36:58; Progress: 1%
Start time: 2023-03-13 19:06:46; Progress: 0%
End time: 2023-03-14 05:10:22; Progress: 1%
Start time: 2023-03-13 19:06:46; Progress: 0%
End time: 2023-03-14 06:21:44; Progress: 1%
Start time: 2023-03-13 19:06:46; Progress: 0%
End time: 2023-03-14 06:33:36; Progress: 1%
Start time: 2023-03-13 19:06:46; Progress: 0%
End time: 2023-03-14 06:32:48; Progress: 1%
Start time: 2023-03-13 19:06:46; Progress: 0%
End time: 2023-03-14 06:27:17; Progress: 1%
Start time: 2023-03-13 19:06:46; Progress: 0%
End time: 2023-03-14 08:07:34; Progress: 1%
Start time: 2023-03-13 19:06:46; Progress: 0%
End time: 2023-03-14 08:18:54; Progress: 1%
Start time: 2023-03-13 19:06:46; Progress: 0%
End time: 2023-03-14 08:07:29; Progress: 1%
Start time: 2023-03-13 19:06:46; Progress: 0%
End time: 2023-03-14 10:04:51; Progress: 1%
Start time: 2023-03-13 19:06:46; Progress: 0%
End time: 2023-03-14 10:48:59; Progress: 1%
Start time: 2023-03-13 19:06:46; Progress: 0%
End time: 2023-03-14 11:49:41; Progress: 1%
