------------------------------------------------------------
SLURM JOB ID: 26186571
64 tasks
------------------------------------------------------------
MPI startup(): shm:dapl fabric is unknown or has been removed from the product, please use ofi or shm:ofi instead.
MPI startup(): I_MPI_DAPL_UD variable has been removed from the product, its value is ignored

MPI startup(): I_MPI_DAPL_UD_PROVIDER variable has been removed from the product, its value is ignored

Start time: 2023-03-14 22:18:39; Progress: 0%
End time: 2023-03-14 22:35:16; Progress: 1%
Start time: 2023-03-14 22:18:39; Progress: 0%
End time: 2023-03-14 22:40:27; Progress: 1%
Start time: 2023-03-14 22:18:39; Progress: 0%
End time: 2023-03-14 22:45:25; Progress: 1%
Start time: 2023-03-14 22:18:39; Progress: 0%
End time: 2023-03-14 22:45:52; Progress: 1%
Start time: 2023-03-14 22:18:39; Progress: 0%
End time: 2023-03-14 22:52:57; Progress: 1%
Start time: 2023-03-14 22:18:39; Progress: 0%
End time: 2023-03-14 22:52:30; Progress: 1%
Start time: 2023-03-14 22:18:39; Progress: 0%
End time: 2023-03-14 23:09:08; Progress: 1%
Start time: 2023-03-14 22:18:39; Progress: 0%
End time: 2023-03-14 23:02:26; Progress: 1%
Start time: 2023-03-14 22:18:39; Progress: 0%
End time: 2023-03-14 23:03:07; Progress: 1%
Start time: 2023-03-14 22:18:39; Progress: 0%
End time: 2023-03-14 23:07:03; Progress: 1%
Start time: 2023-03-14 22:18:39; Progress: 0%
End time: 2023-03-14 23:07:26; Progress: 1%
Start time: 2023-03-14 22:18:39; Progress: 0%
End time: 2023-03-14 23:12:04; Progress: 1%
Start time: 2023-03-14 22:18:39; Progress: 0%
End time: 2023-03-14 23:11:08; Progress: 1%
Start time: 2023-03-14 22:18:39; Progress: 0%
End time: 2023-03-14 23:01:12; Progress: 1%
Start time: 2023-03-14 22:18:39; Progress: 0%
End time: 2023-03-14 23:16:41; Progress: 1%
Start time: 2023-03-14 22:18:39; Progress: 0%
End time: 2023-03-14 23:18:55; Progress: 1%
Start time: 2023-03-14 22:18:39; Progress: 0%
End time: 2023-03-14 23:21:19; Progress: 1%
Start time: 2023-03-14 22:18:39; Progress: 0%
End time: 2023-03-14 23:39:31; Progress: 1%
Start time: 2023-03-14 22:18:39; Progress: 0%
End time: 2023-03-14 23:30:43; Progress: 1%
Start time: 2023-03-14 22:18:39; Progress: 0%
End time: 2023-03-14 23:31:54; Progress: 1%
Start time: 2023-03-14 22:18:39; Progress: 0%
End time: 2023-03-14 23:32:57; Progress: 1%
Start time: 2023-03-14 22:18:39; Progress: 0%
End time: 2023-03-14 23:38:57; Progress: 1%
Start time: 2023-03-14 22:18:39; Progress: 0%
End time: 2023-03-14 23:41:39; Progress: 1%
Start time: 2023-03-14 22:18:39; Progress: 0%
End time: 2023-03-14 23:46:06; Progress: 1%
Start time: 2023-03-14 22:18:39; Progress: 0%
End time: 2023-03-14 23:40:10; Progress: 1%
Start time: 2023-03-14 22:18:39; Progress: 0%
End time: 2023-03-14 23:20:04; Progress: 1%
Start time: 2023-03-14 22:18:39; Progress: 0%
End time: 2023-03-14 23:44:28; Progress: 1%
Start time: 2023-03-14 22:18:39; Progress: 0%
End time: 2023-03-14 23:57:11; Progress: 1%
Start time: 2023-03-14 22:18:39; Progress: 0%
End time: 2023-03-14 23:55:00; Progress: 1%
Start time: 2023-03-14 22:18:39; Progress: 0%
End time: 2023-03-15 00:01:15; Progress: 1%
Start time: 2023-03-14 22:18:39; Progress: 0%
End time: 2023-03-14 23:58:16; Progress: 1%
Start time: 2023-03-14 22:18:39; Progress: 0%
End time: 2023-03-15 00:02:08; Progress: 1%
Start time: 2023-03-14 22:18:39; Progress: 0%
End time: 2023-03-15 00:12:35; Progress: 1%
Start time: 2023-03-14 22:18:39; Progress: 0%
End time: 2023-03-15 00:11:33; Progress: 1%
Start time: 2023-03-14 22:18:39; Progress: 0%
End time: 2023-03-15 00:16:54; Progress: 1%
Start time: 2023-03-14 22:18:39; Progress: 0%
End time: 2023-03-15 00:27:02; Progress: 1%
Start time: 2023-03-14 22:18:39; Progress: 0%
End time: 2023-03-15 00:21:33; Progress: 1%
Start time: 2023-03-14 22:18:39; Progress: 0%
End time: 2023-03-15 00:30:17; Progress: 1%
Start time: 2023-03-14 22:18:39; Progress: 0%
End time: 2023-03-15 00:32:50; Progress: 1%
Start time: 2023-03-14 22:18:39; Progress: 0%
End time: 2023-03-15 00:43:20; Progress: 1%
Start time: 2023-03-14 22:18:39; Progress: 0%
End time: 2023-03-15 00:41:24; Progress: 1%
Start time: 2023-03-14 22:18:39; Progress: 0%
End time: 2023-03-15 00:49:31; Progress: 1%
Start time: 2023-03-14 22:18:39; Progress: 0%
End time: 2023-03-15 00:58:51; Progress: 1%
Start time: 2023-03-14 22:18:39; Progress: 0%
End time: 2023-03-15 01:08:05; Progress: 1%
Start time: 2023-03-14 22:18:39; Progress: 0%
End time: 2023-03-15 01:15:44; Progress: 1%
Start time: 2023-03-14 22:18:39; Progress: 0%
End time: 2023-03-15 01:21:05; Progress: 1%
Start time: 2023-03-14 22:18:39; Progress: 0%
End time: 2023-03-15 01:10:49; Progress: 1%
Start time: 2023-03-14 22:18:39; Progress: 0%
End time: 2023-03-15 01:17:57; Progress: 1%
Start time: 2023-03-14 22:18:39; Progress: 0%
End time: 2023-03-15 01:25:48; Progress: 1%
Start time: 2023-03-14 22:18:39; Progress: 0%
End time: 2023-03-15 01:32:57; Progress: 1%
Start time: 2023-03-14 22:18:39; Progress: 0%
End time: 2023-03-15 01:42:55; Progress: 1%
Start time: 2023-03-14 22:18:39; Progress: 0%
End time: 2023-03-15 01:39:39; Progress: 1%
Start time: 2023-03-14 22:18:39; Progress: 0%
End time: 2023-03-15 01:46:18; Progress: 1%
Start time: 2023-03-14 22:18:39; Progress: 0%
End time: 2023-03-15 01:39:25; Progress: 1%
Start time: 2023-03-14 22:18:39; Progress: 0%
End time: 2023-03-15 02:09:35; Progress: 1%
Start time: 2023-03-14 22:18:39; Progress: 0%
End time: 2023-03-15 02:14:49; Progress: 1%
Start time: 2023-03-14 22:18:39; Progress: 0%
End time: 2023-03-15 02:21:42; Progress: 1%
Start time: 2023-03-14 22:18:39; Progress: 0%
End time: 2023-03-15 02:33:44; Progress: 1%
Start time: 2023-03-14 22:18:39; Progress: 0%
End time: 2023-03-15 02:48:04; Progress: 1%
Start time: 2023-03-14 22:18:39; Progress: 0%
End time: 2023-03-15 02:48:31; Progress: 1%
Start time: 2023-03-14 22:18:39; Progress: 0%
End time: 2023-03-15 02:41:58; Progress: 1%
Start time: 2023-03-14 22:18:39; Progress: 0%
End time: 2023-03-15 03:11:36; Progress: 1%
Start time: 2023-03-14 22:18:39; Progress: 0%
End time: 2023-03-15 03:26:04; Progress: 1%
Start time: 2023-03-14 22:18:39; Progress: 0%
End time: 2023-03-15 04:01:05; Progress: 1%
