------------------------------------------------------------
SLURM JOB ID: 26174619
4 tasks
------------------------------------------------------------
 - windowsize_counter  0
 - observation_length_counter 0
 
Start time: 2023-03-13 16:00:27; Progress: 0%
Start time: 2023-03-13 16:00:28; Progress: 0%
Start time: 2023-03-13 16:00:28; Progress: 0%
Start time: 2023-03-13 16:00:28; Progress: 0%
 - windowsize_counter  0
 - observation_length_counter 1
 
Start time: 2023-03-13 16:00:39; Progress: 0%
Start time: 2023-03-13 16:00:39; Progress: 0%
Start time: 2023-03-13 16:00:39; Progress: 0%
Start time: 2023-03-13 16:00:39; Progress: 0%
 - windowsize_counter  0
 - observation_length_counter 2
 
Start time: 2023-03-13 16:00:54; Progress: 0%
Start time: 2023-03-13 16:00:54; Progress: 0%
Start time: 2023-03-13 16:00:54; Progress: 0%
Start time: 2023-03-13 16:00:54; Progress: 0%
 - windowsize_counter  0
 - observation_length_counter 3
 
Start time: 2023-03-13 16:01:12; Progress: 0%
Start time: 2023-03-13 16:01:12; Progress: 0%
Start time: 2023-03-13 16:01:12; Progress: 0%
Start time: 2023-03-13 16:01:12; Progress: 0%
 - windowsize_counter  0
 - observation_length_counter 4
 
Start time: 2023-03-13 16:01:33; Progress: 0%
Start time: 2023-03-13 16:01:33; Progress: 0%
Start time: 2023-03-13 16:01:33; Progress: 0%
Start time: 2023-03-13 16:01:33; Progress: 0%
 - windowsize_counter  0
 - observation_length_counter 5
 
Start time: 2023-03-13 16:01:59; Progress: 0%
Start time: 2023-03-13 16:01:59; Progress: 0%
Start time: 2023-03-13 16:01:59; Progress: 0%
Start time: 2023-03-13 16:01:59; Progress: 0%
 - windowsize_counter  0
 - observation_length_counter 6
 
Start time: 2023-03-13 16:02:26; Progress: 0%
Start time: 2023-03-13 16:02:26; Progress: 0%
Start time: 2023-03-13 16:02:26; Progress: 0%
Start time: 2023-03-13 16:02:26; Progress: 0%
 - windowsize_counter  0
 - observation_length_counter 7
 
Start time: 2023-03-13 16:02:57; Progress: 0%
Start time: 2023-03-13 16:02:57; Progress: 0%
Start time: 2023-03-13 16:02:57; Progress: 0%
Start time: 2023-03-13 16:02:57; Progress: 0%
 - windowsize_counter  1
 - observation_length_counter 0
 
Start time: 2023-03-13 16:03:32; Progress: 0%
Start time: 2023-03-13 16:03:32; Progress: 0%
Start time: 2023-03-13 16:03:32; Progress: 0%
Start time: 2023-03-13 16:03:32; Progress: 0%
 - windowsize_counter  1
 - observation_length_counter 1
 
Start time: 2023-03-13 16:03:50; Progress: 0%
Start time: 2023-03-13 16:03:51; Progress: 0%
Start time: 2023-03-13 16:03:51; Progress: 0%
Start time: 2023-03-13 16:03:51; Progress: 0%
 - windowsize_counter  1
 - observation_length_counter 2
 
Start time: 2023-03-13 16:04:14; Progress: 0%
Start time: 2023-03-13 16:04:14; Progress: 0%
Start time: 2023-03-13 16:04:15; Progress: 0%
Start time: 2023-03-13 16:04:14; Progress: 0%
 - windowsize_counter  1
 - observation_length_counter 3
 
Start time: 2023-03-13 16:04:46; Progress: 0%
Start time: 2023-03-13 16:04:46; Progress: 0%
Start time: 2023-03-13 16:04:46; Progress: 0%
Start time: 2023-03-13 16:04:47; Progress: 0%
 - windowsize_counter  1
 - observation_length_counter 4
 
Start time: 2023-03-13 16:05:25; Progress: 0%
Start time: 2023-03-13 16:05:25; Progress: 0%
Start time: 2023-03-13 16:05:25; Progress: 0%
Start time: 2023-03-13 16:05:25; Progress: 0%
 - windowsize_counter  1
 - observation_length_counter 5
 
Start time: 2023-03-13 16:06:06; Progress: 0%
Start time: 2023-03-13 16:06:06; Progress: 0%
Start time: 2023-03-13 16:06:06; Progress: 0%
Start time: 2023-03-13 16:06:06; Progress: 0%
 - windowsize_counter  1
 - observation_length_counter 6
 
Start time: 2023-03-13 16:06:51; Progress: 0%
Start time: 2023-03-13 16:06:51; Progress: 0%
Start time: 2023-03-13 16:06:51; Progress: 0%
Start time: 2023-03-13 16:06:51; Progress: 0%
 - windowsize_counter  1
 - observation_length_counter 7
 
Start time: 2023-03-13 16:07:45; Progress: 0%
Start time: 2023-03-13 16:07:44; Progress: 0%
Start time: 2023-03-13 16:07:44; Progress: 0%
Start time: 2023-03-13 16:07:44; Progress: 0%
 - windowsize_counter  2
 - observation_length_counter 0
 
Start time: 2023-03-13 16:08:43; Progress: 0%
Start time: 2023-03-13 16:08:43; Progress: 0%
Start time: 2023-03-13 16:08:44; Progress: 0%
Start time: 2023-03-13 16:08:43; Progress: 0%
 - windowsize_counter  2
 - observation_length_counter 1
 
Start time: 2023-03-13 16:09:09; Progress: 0%
Start time: 2023-03-13 16:09:09; Progress: 0%
Start time: 2023-03-13 16:09:09; Progress: 0%
Start time: 2023-03-13 16:09:09; Progress: 0%
 - windowsize_counter  2
 - observation_length_counter 2
 
Start time: 2023-03-13 16:09:42; Progress: 0%
Start time: 2023-03-13 16:09:42; Progress: 0%
Start time: 2023-03-13 16:09:42; Progress: 0%
Start time: 2023-03-13 16:09:42; Progress: 0%
 - windowsize_counter  2
 - observation_length_counter 3
 
Start time: 2023-03-13 16:10:23; Progress: 0%
Start time: 2023-03-13 16:10:23; Progress: 0%
Start time: 2023-03-13 16:10:23; Progress: 0%
Start time: 2023-03-13 16:10:23; Progress: 0%
 - windowsize_counter  2
 - observation_length_counter 4
 
Start time: 2023-03-13 16:11:12; Progress: 0%
Start time: 2023-03-13 16:11:12; Progress: 0%
Start time: 2023-03-13 16:11:12; Progress: 0%
Start time: 2023-03-13 16:11:12; Progress: 0%
 - windowsize_counter  2
 - observation_length_counter 5
 
Start time: 2023-03-13 16:12:11; Progress: 0%
Start time: 2023-03-13 16:12:11; Progress: 0%
Start time: 2023-03-13 16:12:11; Progress: 0%
Start time: 2023-03-13 16:12:11; Progress: 0%
 - windowsize_counter  2
 - observation_length_counter 6
 
