------------------------------------------------------------
SLURM JOB ID: 28858329
96 tasks
------------------------------------------------------------
MPI startup(): shm:dapl fabric is unknown or has been removed from the product, please use ofi or shm:ofi instead.
MPI startup(): I_MPI_DAPL_UD variable has been removed from the product, its value is ignored

MPI startup(): I_MPI_DAPL_UD_PROVIDER variable has been removed from the product, its value is ignored

Start time: 2024-02-01 00:42:23; Progress: 0%
End time: 2024-02-01 01:23:39; Progress: 0%
Start time: 2024-02-01 00:42:23; Progress: 0%
End time: 2024-02-01 01:41:37; Progress: 0%
Start time: 2024-02-01 00:42:23; Progress: 0%
End time: 2024-02-01 01:44:12; Progress: 0%
Start time: 2024-02-01 00:42:23; Progress: 0%
End time: 2024-02-01 02:01:29; Progress: 0%
Start time: 2024-02-01 00:42:23; Progress: 0%
End time: 2024-02-01 02:15:49; Progress: 0%
Start time: 2024-02-01 00:42:24; Progress: 0%
End time: 2024-02-01 02:16:44; Progress: 0%
Start time: 2024-02-01 00:42:23; Progress: 0%
End time: 2024-02-01 02:28:39; Progress: 0%
Start time: 2024-02-01 00:42:23; Progress: 0%
End time: 2024-02-01 02:46:52; Progress: 0%
Start time: 2024-02-01 00:42:23; Progress: 0%
End time: 2024-02-01 02:44:51; Progress: 0%
Start time: 2024-02-01 00:42:24; Progress: 0%
End time: 2024-02-01 02:47:41; Progress: 0%
Start time: 2024-02-01 00:42:24; Progress: 0%
End time: 2024-02-01 02:57:09; Progress: 0%
Start time: 2024-02-01 00:42:24; Progress: 0%
End time: 2024-02-01 03:00:01; Progress: 0%
Start time: 2024-02-01 00:42:23; Progress: 0%
End time: 2024-02-01 03:18:08; Progress: 0%
Start time: 2024-02-01 00:42:23; Progress: 0%
End time: 2024-02-01 03:15:43; Progress: 0%
Start time: 2024-02-01 00:42:23; Progress: 0%
End time: 2024-02-01 03:39:01; Progress: 0%
Start time: 2024-02-01 00:42:23; Progress: 0%
End time: 2024-02-01 03:40:46; Progress: 0%
Start time: 2024-02-01 00:42:23; Progress: 0%
End time: 2024-02-01 03:46:34; Progress: 0%
Start time: 2024-02-01 00:42:24; Progress: 0%
End time: 2024-02-01 03:49:24; Progress: 0%
Start time: 2024-02-01 00:42:24; Progress: 0%
End time: 2024-02-01 03:48:07; Progress: 0%
Start time: 2024-02-01 00:42:23; Progress: 0%
End time: 2024-02-01 03:55:38; Progress: 0%
Start time: 2024-02-01 00:42:24; Progress: 0%
End time: 2024-02-01 04:18:52; Progress: 0%
Start time: 2024-02-01 00:42:23; Progress: 0%
End time: 2024-02-01 04:20:00; Progress: 0%
Start time: 2024-02-01 00:42:23; Progress: 0%
End time: 2024-02-01 04:35:51; Progress: 0%
Start time: 2024-02-01 00:42:23; Progress: 0%
End time: 2024-02-01 04:43:50; Progress: 0%
Start time: 2024-02-01 00:42:23; Progress: 0%
End time: 2024-02-01 04:51:05; Progress: 0%
Start time: 2024-02-01 00:42:24; Progress: 0%
End time: 2024-02-01 04:59:18; Progress: 0%
Start time: 2024-02-01 00:42:23; Progress: 0%
End time: 2024-02-01 05:16:14; Progress: 0%
Start time: 2024-02-01 00:42:23; Progress: 0%
End time: 2024-02-01 05:11:57; Progress: 0%
Start time: 2024-02-01 00:42:23; Progress: 0%
End time: 2024-02-01 05:20:55; Progress: 0%
Start time: 2024-02-01 00:42:23; Progress: 0%
End time: 2024-02-01 05:40:31; Progress: 0%
Start time: 2024-02-01 00:42:23; Progress: 0%
End time: 2024-02-01 05:39:23; Progress: 0%
Start time: 2024-02-01 00:42:23; Progress: 0%
End time: 2024-02-01 05:53:48; Progress: 0%
Start time: 2024-02-01 00:42:24; Progress: 0%
End time: 2024-02-01 06:10:48; Progress: 0%
Start time: 2024-02-01 00:42:23; Progress: 0%
End time: 2024-02-01 06:24:21; Progress: 0%
Start time: 2024-02-01 00:42:23; Progress: 0%
End time: 2024-02-01 06:17:44; Progress: 0%
Start time: 2024-02-01 00:42:23; Progress: 0%
End time: 2024-02-01 06:32:46; Progress: 0%
Start time: 2024-02-01 00:42:23; Progress: 0%
End time: 2024-02-01 06:58:27; Progress: 0%
Start time: 2024-02-01 00:42:24; Progress: 0%
End time: 2024-02-01 07:00:26; Progress: 0%
Start time: 2024-02-01 00:42:24; Progress: 0%
End time: 2024-02-01 06:49:46; Progress: 0%
Start time: 2024-02-01 00:42:23; Progress: 0%
End time: 2024-02-01 07:40:09; Progress: 0%
Start time: 2024-02-01 00:42:23; Progress: 0%
End time: 2024-02-01 07:36:33; Progress: 0%
Start time: 2024-02-01 00:42:23; Progress: 0%
End time: 2024-02-01 08:20:24; Progress: 0%
Start time: 2024-02-01 00:42:23; Progress: 0%
End time: 2024-02-01 08:08:07; Progress: 0%
Start time: 2024-02-01 00:42:23; Progress: 0%
End time: 2024-02-01 08:59:05; Progress: 0%
Start time: 2024-02-01 00:42:24; Progress: 0%
End time: 2024-02-01 09:24:19; Progress: 0%
Start time: 2024-02-01 00:42:23; Progress: 0%
End time: 2024-02-01 09:12:39; Progress: 0%
Start time: 2024-02-01 00:42:23; Progress: 0%
End time: 2024-02-01 09:06:39; Progress: 0%
Start time: 2024-02-01 00:42:23; Progress: 0%
End time: 2024-02-01 09:26:49; Progress: 0%
Start time: 2024-02-01 00:42:23; Progress: 0%
End time: 2024-02-01 09:54:29; Progress: 0%
Start time: 2024-02-01 00:42:24; Progress: 0%
End time: 2024-02-01 10:45:41; Progress: 0%
Start time: 2024-02-01 00:42:24; Progress: 0%
End time: 2024-02-01 10:47:13; Progress: 0%
Start time: 2024-02-01 00:42:23; Progress: 0%
End time: 2024-02-01 10:53:23; Progress: 0%
Start time: 2024-02-01 00:42:24; Progress: 0%
End time: 2024-02-01 11:47:08; Progress: 0%
Start time: 2024-02-01 00:42:24; Progress: 0%
End time: 2024-02-01 12:05:32; Progress: 0%
Start time: 2024-02-01 00:42:23; Progress: 0%
End time: 2024-02-01 11:49:07; Progress: 0%
Start time: 2024-02-01 00:42:24; Progress: 0%
End time: 2024-02-01 13:21:29; Progress: 0%
Start time: 2024-02-01 00:42:24; Progress: 0%
End time: 2024-02-01 13:33:00; Progress: 0%
Start time: 2024-02-01 00:42:23; Progress: 0%
End time: 2024-02-01 13:41:45; Progress: 0%
Start time: 2024-02-01 00:42:24; Progress: 0%
End time: 2024-02-01 15:21:01; Progress: 0%
Start time: 2024-02-01 00:42:24; Progress: 0%
End time: 2024-02-01 15:11:27; Progress: 0%
Start time: 2024-02-01 00:42:24; Progress: 0%
End time: 2024-02-01 16:03:12; Progress: 0%
Start time: 2024-02-01 00:42:24; Progress: 0%
End time: 2024-02-01 16:31:30; Progress: 0%
Start time: 2024-02-01 00:42:23; Progress: 0%
End time: 2024-02-01 16:48:35; Progress: 0%
Start time: 2024-02-01 00:42:24; Progress: 0%
End time: 2024-02-01 17:38:45; Progress: 0%
Start time: 2024-02-01 00:42:24; Progress: 0%
End time: 2024-02-01 18:00:01; Progress: 0%
Start time: 2024-02-01 00:42:24; Progress: 0%
End time: 2024-02-01 18:17:19; Progress: 0%
Start time: 2024-02-01 00:42:24; Progress: 0%
End time: 2024-02-01 19:57:23; Progress: 0%
Start time: 2024-02-01 00:42:23; Progress: 0%
End time: 2024-02-01 19:46:15; Progress: 0%
Start time: 2024-02-01 00:42:24; Progress: 0%
End time: 2024-02-01 20:13:36; Progress: 0%
Start time: 2024-02-01 00:42:23; Progress: 0%
End time: 2024-02-01 20:23:54; Progress: 0%
Start time: 2024-02-01 00:42:23; Progress: 0%
End time: 2024-02-01 20:08:30; Progress: 0%
Start time: 2024-02-01 00:42:24; Progress: 0%
End time: 2024-02-01 22:23:42; Progress: 0%
Start time: 2024-02-01 00:42:24; Progress: 0%
End time: 2024-02-02 11:37:45; Progress: 0%
Start time: 2024-02-01 00:42:23; Progress: 0%
End time: 2024-02-01 23:33:36; Progress: 0%
Start time: 2024-02-01 00:42:23; Progress: 0%
End time: 2024-02-02 00:42:12; Progress: 0%
Start time: 2024-02-01 00:42:24; Progress: 0%
End time: 2024-02-02 01:00:12; Progress: 0%
Start time: 2024-02-01 00:42:23; Progress: 0%
End time: 2024-02-02 02:42:26; Progress: 0%
Start time: 2024-02-01 00:42:23; Progress: 0%
End time: 2024-02-02 03:22:56; Progress: 0%
Start time: 2024-02-01 00:42:24; Progress: 0%
End time: 2024-02-02 06:51:55; Progress: 0%
Start time: 2024-02-01 00:42:23; Progress: 0%
End time: 2024-02-02 07:07:47; Progress: 0%
Start time: 2024-02-01 00:42:24; Progress: 0%
End time: 2024-02-02 01:24:54; Progress: 0%
