------------------------------------------------------------
SLURM JOB ID: 26380983
64 tasks
------------------------------------------------------------
MPI startup(): shm:dapl fabric is unknown or has been removed from the product, please use ofi or shm:ofi instead.
MPI startup(): I_MPI_DAPL_UD variable has been removed from the product, its value is ignored

MPI startup(): I_MPI_DAPL_UD_PROVIDER variable has been removed from the product, its value is ignored

Start time: 2023-04-12 15:13:22; Progress: 0%
End time: 2023-04-12 15:15:51; Progress: 1%
Start time: 2023-04-12 15:13:22; Progress: 0%
End time: 2023-04-12 15:17:09; Progress: 1%
Start time: 2023-04-12 15:13:22; Progress: 0%
End time: 2023-04-12 15:18:56; Progress: 1%
Start time: 2023-04-12 15:13:22; Progress: 0%
End time: 2023-04-12 15:20:04; Progress: 1%
Start time: 2023-04-12 15:13:22; Progress: 0%
End time: 2023-04-12 15:21:33; Progress: 1%
Start time: 2023-04-12 15:13:22; Progress: 0%
End time: 2023-04-12 15:24:08; Progress: 1%
Start time: 2023-04-12 15:13:22; Progress: 0%
End time: 2023-04-12 15:24:41; Progress: 1%
Start time: 2023-04-12 15:13:22; Progress: 0%
End time: 2023-04-12 15:25:42; Progress: 1%
Start time: 2023-04-12 15:13:22; Progress: 0%
End time: 2023-04-12 15:27:04; Progress: 1%
Start time: 2023-04-12 15:13:22; Progress: 0%
End time: 2023-04-12 15:29:33; Progress: 1%
Start time: 2023-04-12 15:13:22; Progress: 0%
End time: 2023-04-12 15:30:09; Progress: 1%
Start time: 2023-04-12 15:13:22; Progress: 0%
End time: 2023-04-12 15:34:05; Progress: 1%
Start time: 2023-04-12 15:13:22; Progress: 0%
End time: 2023-04-12 15:35:14; Progress: 1%
Start time: 2023-04-12 15:13:22; Progress: 0%
End time: 2023-04-12 15:36:20; Progress: 1%
Start time: 2023-04-12 15:13:22; Progress: 0%
End time: 2023-04-12 15:39:29; Progress: 1%
Start time: 2023-04-12 15:13:22; Progress: 0%
End time: 2023-04-12 15:40:50; Progress: 1%
Start time: 2023-04-12 15:13:22; Progress: 0%
End time: 2023-04-12 15:43:33; Progress: 1%
Start time: 2023-04-12 15:13:22; Progress: 0%
End time: 2023-04-12 15:44:45; Progress: 1%
Start time: 2023-04-12 15:13:22; Progress: 0%
End time: 2023-04-12 15:48:59; Progress: 1%
Start time: 2023-04-12 15:13:22; Progress: 0%
End time: 2023-04-12 15:48:48; Progress: 1%
Start time: 2023-04-12 15:13:22; Progress: 0%
End time: 2023-04-12 15:52:44; Progress: 1%
Start time: 2023-04-12 15:13:22; Progress: 0%
End time: 2023-04-12 15:53:26; Progress: 1%
Start time: 2023-04-12 15:13:22; Progress: 0%
End time: 2023-04-12 15:56:08; Progress: 1%
Start time: 2023-04-12 15:13:22; Progress: 0%
End time: 2023-04-12 15:56:31; Progress: 1%
Start time: 2023-04-12 15:13:22; Progress: 0%
End time: 2023-04-12 16:03:30; Progress: 1%
Start time: 2023-04-12 15:13:22; Progress: 0%
End time: 2023-04-12 16:10:16; Progress: 1%
Start time: 2023-04-12 15:13:22; Progress: 0%
End time: 2023-04-12 16:01:12; Progress: 1%
Start time: 2023-04-12 15:13:22; Progress: 0%
End time: 2023-04-12 16:00:07; Progress: 1%
Start time: 2023-04-12 15:13:22; Progress: 0%
End time: 2023-04-12 16:03:50; Progress: 1%
Start time: 2023-04-12 15:13:22; Progress: 0%
End time: 2023-04-12 16:06:50; Progress: 1%
Start time: 2023-04-12 15:13:22; Progress: 0%
End time: 2023-04-12 16:10:07; Progress: 1%
Start time: 2023-04-12 15:13:22; Progress: 0%
End time: 2023-04-12 16:11:32; Progress: 1%
Start time: 2023-04-12 15:13:22; Progress: 0%
End time: 2023-04-12 16:11:17; Progress: 1%
Start time: 2023-04-12 15:13:22; Progress: 0%
End time: 2023-04-12 16:12:42; Progress: 1%
Start time: 2023-04-12 15:13:22; Progress: 0%
End time: 2023-04-12 16:18:13; Progress: 1%
Start time: 2023-04-12 15:13:22; Progress: 0%
End time: 2023-04-12 16:18:47; Progress: 1%
Start time: 2023-04-12 15:13:22; Progress: 0%
End time: 2023-04-12 16:21:54; Progress: 1%
Start time: 2023-04-12 15:13:22; Progress: 0%
End time: 2023-04-12 16:22:23; Progress: 1%
Start time: 2023-04-12 15:13:22; Progress: 0%
End time: 2023-04-12 16:25:53; Progress: 1%
Start time: 2023-04-12 15:13:22; Progress: 0%
End time: 2023-04-12 16:30:20; Progress: 1%
Start time: 2023-04-12 15:13:22; Progress: 0%
End time: 2023-04-12 16:35:43; Progress: 1%
Start time: 2023-04-12 15:13:22; Progress: 0%
End time: 2023-04-12 16:37:15; Progress: 1%
Start time: 2023-04-12 15:13:22; Progress: 0%
End time: 2023-04-12 16:38:05; Progress: 1%
Start time: 2023-04-12 15:13:22; Progress: 0%
End time: 2023-04-12 16:36:55; Progress: 1%
Start time: 2023-04-12 15:13:22; Progress: 0%
End time: 2023-04-12 16:37:49; Progress: 1%
Start time: 2023-04-12 15:13:22; Progress: 0%
End time: 2023-04-12 16:45:09; Progress: 1%
Start time: 2023-04-12 15:13:22; Progress: 0%
End time: 2023-04-12 16:45:03; Progress: 1%
Start time: 2023-04-12 15:13:22; Progress: 0%
End time: 2023-04-12 16:51:20; Progress: 1%
Start time: 2023-04-12 15:13:22; Progress: 0%
End time: 2023-04-12 16:49:47; Progress: 1%
Start time: 2023-04-12 15:13:22; Progress: 0%
End time: 2023-04-12 16:55:49; Progress: 1%
Start time: 2023-04-12 15:13:22; Progress: 0%
End time: 2023-04-12 16:57:42; Progress: 1%
Start time: 2023-04-12 15:13:22; Progress: 0%
End time: 2023-04-12 17:03:42; Progress: 1%
Start time: 2023-04-12 15:13:22; Progress: 0%
End time: 2023-04-12 17:08:00; Progress: 1%
Start time: 2023-04-12 15:13:22; Progress: 0%
End time: 2023-04-12 17:12:28; Progress: 1%
Start time: 2023-04-12 15:13:22; Progress: 0%
End time: 2023-04-12 17:09:27; Progress: 1%
Start time: 2023-04-12 15:13:22; Progress: 0%
End time: 2023-04-12 17:20:59; Progress: 1%
Start time: 2023-04-12 15:13:22; Progress: 0%
End time: 2023-04-12 17:26:00; Progress: 1%
Start time: 2023-04-12 15:13:22; Progress: 0%
End time: 2023-04-12 17:31:02; Progress: 1%
Start time: 2023-04-12 15:13:22; Progress: 0%
End time: 2023-04-12 17:27:07; Progress: 1%
Start time: 2023-04-12 15:13:22; Progress: 0%
End time: 2023-04-12 17:48:16; Progress: 1%
Start time: 2023-04-12 15:13:22; Progress: 0%
End time: 2023-04-12 17:47:15; Progress: 1%
Start time: 2023-04-12 15:13:22; Progress: 0%
End time: 2023-04-12 17:54:40; Progress: 1%
Start time: 2023-04-12 15:13:22; Progress: 0%
End time: 2023-04-12 17:53:18; Progress: 1%
Start time: 2023-04-12 15:13:22; Progress: 0%
End time: 2023-04-12 17:49:59; Progress: 1%
Start time: 2023-04-12 15:13:22; Progress: 0%
End time: 2023-04-12 18:25:31; Progress: 1%
Start time: 2023-04-12 15:13:22; Progress: 0%
End time: 2023-04-12 18:22:49; Progress: 1%
Start time: 2023-04-12 15:13:22; Progress: 0%
End time: 2023-04-12 18:30:57; Progress: 1%
Start time: 2023-04-12 15:13:22; Progress: 0%
End time: 2023-04-12 18:27:13; Progress: 1%
Start time: 2023-04-12 15:13:22; Progress: 0%
End time: 2023-04-12 18:50:46; Progress: 1%
Start time: 2023-04-12 15:13:22; Progress: 0%
End time: 2023-04-12 18:53:03; Progress: 1%
Start time: 2023-04-12 15:13:22; Progress: 0%
End time: 2023-04-12 19:11:19; Progress: 1%
Start time: 2023-04-12 15:13:22; Progress: 0%
End time: 2023-04-12 19:28:42; Progress: 1%
Start time: 2023-04-12 15:13:22; Progress: 0%
End time: 2023-04-12 19:27:34; Progress: 1%
Start time: 2023-04-12 15:13:22; Progress: 0%
End time: 2023-04-12 19:29:29; Progress: 1%
Start time: 2023-04-12 15:13:22; Progress: 0%
End time: 2023-04-12 19:43:53; Progress: 1%
Start time: 2023-04-12 15:13:22; Progress: 0%
End time: 2023-04-12 20:04:48; Progress: 1%
Start time: 2023-04-12 15:13:22; Progress: 0%
End time: 2023-04-12 20:26:31; Progress: 1%
Start time: 2023-04-12 15:13:22; Progress: 0%
End time: 2023-04-12 21:01:27; Progress: 1%
Start time: 2023-04-12 15:13:22; Progress: 0%
End time: 2023-04-12 20:54:08; Progress: 1%
Start time: 2023-04-12 15:13:22; Progress: 0%
End time: 2023-04-12 22:06:02; Progress: 1%
Start time: 2023-04-12 15:13:22; Progress: 0%
End time: 2023-04-12 23:08:32; Progress: 1%
