which: no fi_info in (/p/system/packages/anaconda/5.0.0_py3/bin:/home/andreasm/.conda/envs/env_andreasm/bin:/p/system/packages/anaconda/2020.11/condabin:/p/system/packages/anaconda/2020.11/bin:/usr/local/bin:/usr/bin:/bin:/usr/bin/X11:/usr/games:/usr/lpp/mmfs/bin:/opt/ibutils/bin:/p/system/slurm/bin)
srun: Warning: can't honor --ntasks-per-node set to 6 which doesn't match the requested tasks 81 with the number of requested nodes 16. Ignoring --ntasks-per-node.
/p/system/packages/anaconda/5.0.0_py3/lib/python3.6/site-packages/statsmodels/compat/pandas.py:56: FutureWarning: The pandas.core.datetools module is deprecated and will be removed in a future version. Please use the pandas.tseries module instead.
  from pandas.core import datetools
/p/system/packages/anaconda/5.0.0_py3/lib/python3.6/site-packages/statsmodels/compat/pandas.py:56: FutureWarning: The pandas.core.datetools module is deprecated and will be removed in a future version. Please use the pandas.tseries module instead.
  from pandas.core import datetools
/p/system/packages/anaconda/5.0.0_py3/lib/python3.6/site-packages/statsmodels/compat/pandas.py:56: FutureWarning: The pandas.core.datetools module is deprecated and will be removed in a future version. Please use the pandas.tseries module instead.
  from pandas.core import datetools
/p/system/packages/anaconda/5.0.0_py3/lib/python3.6/site-packages/statsmodels/compat/pandas.py:56: FutureWarning: The pandas.core.datetools module is deprecated and will be removed in a future version. Please use the pandas.tseries module instead.
  from pandas.core import datetools
/p/system/packages/anaconda/5.0.0_py3/lib/python3.6/site-packages/statsmodels/compat/pandas.py:56: FutureWarning: The pandas.core.datetools module is deprecated and will be removed in a future version. Please use the pandas.tseries module instead.
  from pandas.core import datetools
/p/system/packages/anaconda/5.0.0_py3/lib/python3.6/site-packages/statsmodels/compat/pandas.py:56: FutureWarning: The pandas.core.datetools module is deprecated and will be removed in a future version. Please use the pandas.tseries module instead.
  from pandas.core import datetools
/p/system/packages/anaconda/5.0.0_py3/lib/python3.6/site-packages/statsmodels/compat/pandas.py:56: FutureWarning: The pandas.core.datetools module is deprecated and will be removed in a future version. Please use the pandas.tseries module instead.
  from pandas.core import datetools
/p/system/packages/anaconda/5.0.0_py3/lib/python3.6/site-packages/statsmodels/compat/pandas.py:56: FutureWarning: The pandas.core.datetools module is deprecated and will be removed in a future version. Please use the pandas.tseries module instead.
  from pandas.core import datetools
/p/system/packages/anaconda/5.0.0_py3/lib/python3.6/site-packages/statsmodels/compat/pandas.py:56: FutureWarning: The pandas.core.datetools module is deprecated and will be removed in a future version. Please use the pandas.tseries module instead.
  from pandas.core import datetools
/p/system/packages/anaconda/5.0.0_py3/lib/python3.6/site-packages/statsmodels/compat/pandas.py:56: FutureWarning: The pandas.core.datetools module is deprecated and will be removed in a future version. Please use the pandas.tseries module instead.
  from pandas.core import datetools
/p/system/packages/anaconda/5.0.0_py3/lib/python3.6/site-packages/statsmodels/compat/pandas.py:56: FutureWarning: The pandas.core.datetools module is deprecated and will be removed in a future version. Please use the pandas.tseries module instead.
  from pandas.core import datetools
/p/system/packages/anaconda/5.0.0_py3/lib/python3.6/site-packages/statsmodels/compat/pandas.py:56: FutureWarning: The pandas.core.datetools module is deprecated and will be removed in a future version. Please use the pandas.tseries module instead.
  from pandas.core import datetools
/p/system/packages/anaconda/5.0.0_py3/lib/python3.6/site-packages/statsmodels/compat/pandas.py:56: FutureWarning: The pandas.core.datetools module is deprecated and will be removed in a future version. Please use the pandas.tseries module instead.
  from pandas.core import datetools
/p/system/packages/anaconda/5.0.0_py3/lib/python3.6/site-packages/statsmodels/compat/pandas.py:56: FutureWarning: The pandas.core.datetools module is deprecated and will be removed in a future version. Please use the pandas.tseries module instead.
  from pandas.core import datetools
/home/andreasm/RedNoiseEstimatorComparison/ClusterCode/EstimationMethods.py:63: RuntimeWarning: divide by zero encountered in double_scalars
  for i in range(len(cos_array))])
/home/andreasm/RedNoiseEstimatorComparison/ClusterCode/EstimationMethods.py:63: RuntimeWarning: invalid value encountered in double_scalars
  for i in range(len(cos_array))])
/p/system/packages/anaconda/5.0.0_py3/lib/python3.6/site-packages/statsmodels/compat/pandas.py:56: FutureWarning: The pandas.core.datetools module is deprecated and will be removed in a future version. Please use the pandas.tseries module instead.
  from pandas.core import datetools
/p/system/packages/anaconda/5.0.0_py3/lib/python3.6/site-packages/statsmodels/compat/pandas.py:56: FutureWarning: The pandas.core.datetools module is deprecated and will be removed in a future version. Please use the pandas.tseries module instead.
  from pandas.core import datetools
/p/system/packages/anaconda/5.0.0_py3/lib/python3.6/site-packages/statsmodels/compat/pandas.py:56: FutureWarning: The pandas.core.datetools module is deprecated and will be removed in a future version. Please use the pandas.tseries module instead.
  from pandas.core import datetools
/p/system/packages/anaconda/5.0.0_py3/lib/python3.6/site-packages/statsmodels/compat/pandas.py:56: FutureWarning: The pandas.core.datetools module is deprecated and will be removed in a future version. Please use the pandas.tseries module instead.
  from pandas.core import datetools
/p/system/packages/anaconda/5.0.0_py3/lib/python3.6/site-packages/statsmodels/compat/pandas.py:56: FutureWarning: The pandas.core.datetools module is deprecated and will be removed in a future version. Please use the pandas.tseries module instead.
  from pandas.core import datetools
/home/andreasm/RedNoiseEstimatorComparison/ClusterCode/EstimationMethods.py:63: RuntimeWarning: divide by zero encountered in double_scalars
  for i in range(len(cos_array))])
/home/andreasm/RedNoiseEstimatorComparison/ClusterCode/EstimationMethods.py:63: RuntimeWarning: invalid value encountered in double_scalars
  for i in range(len(cos_array))])
/p/system/packages/anaconda/5.0.0_py3/lib/python3.6/site-packages/statsmodels/compat/pandas.py:56: FutureWarning: The pandas.core.datetools module is deprecated and will be removed in a future version. Please use the pandas.tseries module instead.
  from pandas.core import datetools
/p/system/packages/anaconda/5.0.0_py3/lib/python3.6/site-packages/statsmodels/compat/pandas.py:56: FutureWarning: The pandas.core.datetools module is deprecated and will be removed in a future version. Please use the pandas.tseries module instead.
  from pandas.core import datetools
/p/system/packages/anaconda/5.0.0_py3/lib/python3.6/site-packages/statsmodels/compat/pandas.py:56: FutureWarning: The pandas.core.datetools module is deprecated and will be removed in a future version. Please use the pandas.tseries module instead.
  from pandas.core import datetools
/p/system/packages/anaconda/5.0.0_py3/lib/python3.6/site-packages/statsmodels/compat/pandas.py:56: FutureWarning: The pandas.core.datetools module is deprecated and will be removed in a future version. Please use the pandas.tseries module instead.
  from pandas.core import datetools
/p/system/packages/anaconda/5.0.0_py3/lib/python3.6/site-packages/statsmodels/compat/pandas.py:56: FutureWarning: The pandas.core.datetools module is deprecated and will be removed in a future version. Please use the pandas.tseries module instead.
  from pandas.core import datetools
/p/system/packages/anaconda/5.0.0_py3/lib/python3.6/site-packages/statsmodels/compat/pandas.py:56: FutureWarning: The pandas.core.datetools module is deprecated and will be removed in a future version. Please use the pandas.tseries module instead.
  from pandas.core import datetools
/home/andreasm/RedNoiseEstimatorComparison/ClusterCode/EstimationMethods.py:63: RuntimeWarning: divide by zero encountered in double_scalars
  for i in range(len(cos_array))])
/home/andreasm/RedNoiseEstimatorComparison/ClusterCode/EstimationMethods.py:63: RuntimeWarning: invalid value encountered in double_scalars
  for i in range(len(cos_array))])
/p/system/packages/anaconda/5.0.0_py3/lib/python3.6/site-packages/statsmodels/compat/pandas.py:56: FutureWarning: The pandas.core.datetools module is deprecated and will be removed in a future version. Please use the pandas.tseries module instead.
  from pandas.core import datetools
/p/system/packages/anaconda/5.0.0_py3/lib/python3.6/site-packages/statsmodels/compat/pandas.py:56: FutureWarning: The pandas.core.datetools module is deprecated and will be removed in a future version. Please use the pandas.tseries module instead.
  from pandas.core import datetools
/p/system/packages/anaconda/5.0.0_py3/lib/python3.6/site-packages/statsmodels/compat/pandas.py:56: FutureWarning: The pandas.core.datetools module is deprecated and will be removed in a future version. Please use the pandas.tseries module instead.
  from pandas.core import datetools
/p/system/packages/anaconda/5.0.0_py3/lib/python3.6/site-packages/statsmodels/compat/pandas.py:56: FutureWarning: The pandas.core.datetools module is deprecated and will be removed in a future version. Please use the pandas.tseries module instead.
  from pandas.core import datetools
/p/system/packages/anaconda/5.0.0_py3/lib/python3.6/site-packages/statsmodels/compat/pandas.py:56: FutureWarning: The pandas.core.datetools module is deprecated and will be removed in a future version. Please use the pandas.tseries module instead.
  from pandas.core import datetools
/home/andreasm/RedNoiseEstimatorComparison/ClusterCode/EstimationMethods.py:63: RuntimeWarning: divide by zero encountered in double_scalars
  for i in range(len(cos_array))])
/home/andreasm/RedNoiseEstimatorComparison/ClusterCode/EstimationMethods.py:63: RuntimeWarning: invalid value encountered in double_scalars
  for i in range(len(cos_array))])
/p/system/packages/anaconda/5.0.0_py3/lib/python3.6/site-packages/statsmodels/compat/pandas.py:56: FutureWarning: The pandas.core.datetools module is deprecated and will be removed in a future version. Please use the pandas.tseries module instead.
  from pandas.core import datetools
/p/system/packages/anaconda/5.0.0_py3/lib/python3.6/site-packages/statsmodels/compat/pandas.py:56: FutureWarning: The pandas.core.datetools module is deprecated and will be removed in a future version. Please use the pandas.tseries module instead.
  from pandas.core import datetools
/p/system/packages/anaconda/5.0.0_py3/lib/python3.6/site-packages/statsmodels/compat/pandas.py:56: FutureWarning: The pandas.core.datetools module is deprecated and will be removed in a future version. Please use the pandas.tseries module instead.
  from pandas.core import datetools
/p/system/packages/anaconda/5.0.0_py3/lib/python3.6/site-packages/statsmodels/compat/pandas.py:56: FutureWarning: The pandas.core.datetools module is deprecated and will be removed in a future version. Please use the pandas.tseries module instead.
  from pandas.core import datetools
/p/system/packages/anaconda/5.0.0_py3/lib/python3.6/site-packages/statsmodels/compat/pandas.py:56: FutureWarning: The pandas.core.datetools module is deprecated and will be removed in a future version. Please use the pandas.tseries module instead.
  from pandas.core import datetools
/p/system/packages/anaconda/5.0.0_py3/lib/python3.6/site-packages/statsmodels/compat/pandas.py:56: FutureWarning: The pandas.core.datetools module is deprecated and will be removed in a future version. Please use the pandas.tseries module instead.
  from pandas.core import datetools
/p/system/packages/anaconda/5.0.0_py3/lib/python3.6/site-packages/statsmodels/compat/pandas.py:56: FutureWarning: The pandas.core.datetools module is deprecated and will be removed in a future version. Please use the pandas.tseries module instead.
  from pandas.core import datetools
/p/system/packages/anaconda/5.0.0_py3/lib/python3.6/site-packages/statsmodels/compat/pandas.py:56: FutureWarning: The pandas.core.datetools module is deprecated and will be removed in a future version. Please use the pandas.tseries module instead.
  from pandas.core import datetools
/p/system/packages/anaconda/5.0.0_py3/lib/python3.6/site-packages/statsmodels/compat/pandas.py:56: FutureWarning: The pandas.core.datetools module is deprecated and will be removed in a future version. Please use the pandas.tseries module instead.
  from pandas.core import datetools
/p/system/packages/anaconda/5.0.0_py3/lib/python3.6/site-packages/statsmodels/compat/pandas.py:56: FutureWarning: The pandas.core.datetools module is deprecated and will be removed in a future version. Please use the pandas.tseries module instead.
  from pandas.core import datetools
/p/system/packages/anaconda/5.0.0_py3/lib/python3.6/site-packages/statsmodels/compat/pandas.py:56: FutureWarning: The pandas.core.datetools module is deprecated and will be removed in a future version. Please use the pandas.tseries module instead.
  from pandas.core import datetools
/p/system/packages/anaconda/5.0.0_py3/lib/python3.6/site-packages/statsmodels/compat/pandas.py:56: FutureWarning: The pandas.core.datetools module is deprecated and will be removed in a future version. Please use the pandas.tseries module instead.
  from pandas.core import datetools
/p/system/packages/anaconda/5.0.0_py3/lib/python3.6/site-packages/statsmodels/compat/pandas.py:56: FutureWarning: The pandas.core.datetools module is deprecated and will be removed in a future version. Please use the pandas.tseries module instead.
  from pandas.core import datetools
/p/system/packages/anaconda/5.0.0_py3/lib/python3.6/site-packages/statsmodels/compat/pandas.py:56: FutureWarning: The pandas.core.datetools module is deprecated and will be removed in a future version. Please use the pandas.tseries module instead.
  from pandas.core import datetools
/p/system/packages/anaconda/5.0.0_py3/lib/python3.6/site-packages/statsmodels/compat/pandas.py:56: FutureWarning: The pandas.core.datetools module is deprecated and will be removed in a future version. Please use the pandas.tseries module instead.
  from pandas.core import datetools
/p/system/packages/anaconda/5.0.0_py3/lib/python3.6/site-packages/statsmodels/compat/pandas.py:56: FutureWarning: The pandas.core.datetools module is deprecated and will be removed in a future version. Please use the pandas.tseries module instead.
  from pandas.core import datetools
/p/system/packages/anaconda/5.0.0_py3/lib/python3.6/site-packages/statsmodels/compat/pandas.py:56: FutureWarning: The pandas.core.datetools module is deprecated and will be removed in a future version. Please use the pandas.tseries module instead.
  from pandas.core import datetools
/p/system/packages/anaconda/5.0.0_py3/lib/python3.6/site-packages/statsmodels/compat/pandas.py:56: FutureWarning: The pandas.core.datetools module is deprecated and will be removed in a future version. Please use the pandas.tseries module instead.
  from pandas.core import datetools
/p/system/packages/anaconda/5.0.0_py3/lib/python3.6/site-packages/statsmodels/compat/pandas.py:56: FutureWarning: The pandas.core.datetools module is deprecated and will be removed in a future version. Please use the pandas.tseries module instead.
  from pandas.core import datetools
/p/system/packages/anaconda/5.0.0_py3/lib/python3.6/site-packages/statsmodels/compat/pandas.py:56: FutureWarning: The pandas.core.datetools module is deprecated and will be removed in a future version. Please use the pandas.tseries module instead.
  from pandas.core import datetools
/home/andreasm/RedNoiseEstimatorComparison/ClusterCode/EstimationMethods.py:63: RuntimeWarning: divide by zero encountered in double_scalars
  for i in range(len(cos_array))])
/home/andreasm/RedNoiseEstimatorComparison/ClusterCode/EstimationMethods.py:63: RuntimeWarning: invalid value encountered in double_scalars
  for i in range(len(cos_array))])
/p/system/packages/anaconda/5.0.0_py3/lib/python3.6/site-packages/statsmodels/compat/pandas.py:56: FutureWarning: The pandas.core.datetools module is deprecated and will be removed in a future version. Please use the pandas.tseries module instead.
  from pandas.core import datetools
/p/system/packages/anaconda/5.0.0_py3/lib/python3.6/site-packages/statsmodels/compat/pandas.py:56: FutureWarning: The pandas.core.datetools module is deprecated and will be removed in a future version. Please use the pandas.tseries module instead.
  from pandas.core import datetools
/home/andreasm/RedNoiseEstimatorComparison/ClusterCode/EstimationMethods.py:63: RuntimeWarning: divide by zero encountered in double_scalars
  for i in range(len(cos_array))])
/home/andreasm/RedNoiseEstimatorComparison/ClusterCode/EstimationMethods.py:63: RuntimeWarning: invalid value encountered in double_scalars
  for i in range(len(cos_array))])
/p/system/packages/anaconda/5.0.0_py3/lib/python3.6/site-packages/statsmodels/compat/pandas.py:56: FutureWarning: The pandas.core.datetools module is deprecated and will be removed in a future version. Please use the pandas.tseries module instead.
  from pandas.core import datetools
/home/andreasm/RedNoiseEstimatorComparison/ClusterCode/EstimationMethods.py:63: RuntimeWarning: divide by zero encountered in double_scalars
  for i in range(len(cos_array))])
/home/andreasm/RedNoiseEstimatorComparison/ClusterCode/EstimationMethods.py:63: RuntimeWarning: invalid value encountered in double_scalars
  for i in range(len(cos_array))])
/p/system/packages/anaconda/5.0.0_py3/lib/python3.6/site-packages/statsmodels/compat/pandas.py:56: FutureWarning: The pandas.core.datetools module is deprecated and will be removed in a future version. Please use the pandas.tseries module instead.
  from pandas.core import datetools
/p/system/packages/anaconda/5.0.0_py3/lib/python3.6/site-packages/statsmodels/compat/pandas.py:56: FutureWarning: The pandas.core.datetools module is deprecated and will be removed in a future version. Please use the pandas.tseries module instead.
  from pandas.core import datetools
/home/andreasm/RedNoiseEstimatorComparison/ClusterCode/EstimationMethods.py:63: RuntimeWarning: divide by zero encountered in double_scalars
  for i in range(len(cos_array))])
/home/andreasm/RedNoiseEstimatorComparison/ClusterCode/EstimationMethods.py:63: RuntimeWarning: invalid value encountered in double_scalars
  for i in range(len(cos_array))])
/p/system/packages/anaconda/5.0.0_py3/lib/python3.6/site-packages/statsmodels/compat/pandas.py:56: FutureWarning: The pandas.core.datetools module is deprecated and will be removed in a future version. Please use the pandas.tseries module instead.
  from pandas.core import datetools
/home/andreasm/RedNoiseEstimatorComparison/ClusterCode/EstimationMethods.py:63: RuntimeWarning: divide by zero encountered in double_scalars
  for i in range(len(cos_array))])
/home/andreasm/RedNoiseEstimatorComparison/ClusterCode/EstimationMethods.py:63: RuntimeWarning: invalid value encountered in double_scalars
  for i in range(len(cos_array))])
/p/system/packages/anaconda/5.0.0_py3/lib/python3.6/site-packages/statsmodels/compat/pandas.py:56: FutureWarning: The pandas.core.datetools module is deprecated and will be removed in a future version. Please use the pandas.tseries module instead.
  from pandas.core import datetools
/p/system/packages/anaconda/5.0.0_py3/lib/python3.6/site-packages/statsmodels/compat/pandas.py:56: FutureWarning: The pandas.core.datetools module is deprecated and will be removed in a future version. Please use the pandas.tseries module instead.
  from pandas.core import datetools
/p/system/packages/anaconda/5.0.0_py3/lib/python3.6/site-packages/statsmodels/compat/pandas.py:56: FutureWarning: The pandas.core.datetools module is deprecated and will be removed in a future version. Please use the pandas.tseries module instead.
  from pandas.core import datetools
/home/andreasm/RedNoiseEstimatorComparison/ClusterCode/EstimationMethods.py:63: RuntimeWarning: divide by zero encountered in double_scalars
  for i in range(len(cos_array))])
/home/andreasm/RedNoiseEstimatorComparison/ClusterCode/EstimationMethods.py:63: RuntimeWarning: invalid value encountered in double_scalars
  for i in range(len(cos_array))])
/p/system/packages/anaconda/5.0.0_py3/lib/python3.6/site-packages/statsmodels/compat/pandas.py:56: FutureWarning: The pandas.core.datetools module is deprecated and will be removed in a future version. Please use the pandas.tseries module instead.
  from pandas.core import datetools
/home/andreasm/RedNoiseEstimatorComparison/ClusterCode/EstimationMethods.py:63: RuntimeWarning: divide by zero encountered in double_scalars
  for i in range(len(cos_array))])
/home/andreasm/RedNoiseEstimatorComparison/ClusterCode/EstimationMethods.py:63: RuntimeWarning: invalid value encountered in double_scalars
  for i in range(len(cos_array))])
/p/system/packages/anaconda/5.0.0_py3/lib/python3.6/site-packages/statsmodels/compat/pandas.py:56: FutureWarning: The pandas.core.datetools module is deprecated and will be removed in a future version. Please use the pandas.tseries module instead.
  from pandas.core import datetools
/home/andreasm/RedNoiseEstimatorComparison/ClusterCode/EstimationMethods.py:63: RuntimeWarning: divide by zero encountered in double_scalars
  for i in range(len(cos_array))])
/home/andreasm/RedNoiseEstimatorComparison/ClusterCode/EstimationMethods.py:63: RuntimeWarning: invalid value encountered in double_scalars
  for i in range(len(cos_array))])
/p/system/packages/anaconda/5.0.0_py3/lib/python3.6/site-packages/statsmodels/compat/pandas.py:56: FutureWarning: The pandas.core.datetools module is deprecated and will be removed in a future version. Please use the pandas.tseries module instead.
  from pandas.core import datetools
/p/system/packages/anaconda/5.0.0_py3/lib/python3.6/site-packages/statsmodels/compat/pandas.py:56: FutureWarning: The pandas.core.datetools module is deprecated and will be removed in a future version. Please use the pandas.tseries module instead.
  from pandas.core import datetools
/home/andreasm/RedNoiseEstimatorComparison/ClusterCode/EstimationMethods.py:63: RuntimeWarning: divide by zero encountered in double_scalars
  for i in range(len(cos_array))])
/home/andreasm/RedNoiseEstimatorComparison/ClusterCode/EstimationMethods.py:63: RuntimeWarning: invalid value encountered in double_scalars
  for i in range(len(cos_array))])
/p/system/packages/anaconda/5.0.0_py3/lib/python3.6/site-packages/statsmodels/compat/pandas.py:56: FutureWarning: The pandas.core.datetools module is deprecated and will be removed in a future version. Please use the pandas.tseries module instead.
  from pandas.core import datetools
/p/system/packages/anaconda/5.0.0_py3/lib/python3.6/site-packages/statsmodels/compat/pandas.py:56: FutureWarning: The pandas.core.datetools module is deprecated and will be removed in a future version. Please use the pandas.tseries module instead.
  from pandas.core import datetools
/p/system/packages/anaconda/5.0.0_py3/lib/python3.6/site-packages/statsmodels/compat/pandas.py:56: FutureWarning: The pandas.core.datetools module is deprecated and will be removed in a future version. Please use the pandas.tseries module instead.
  from pandas.core import datetools
/p/system/packages/anaconda/5.0.0_py3/lib/python3.6/site-packages/statsmodels/compat/pandas.py:56: FutureWarning: The pandas.core.datetools module is deprecated and will be removed in a future version. Please use the pandas.tseries module instead.
  from pandas.core import datetools
/p/system/packages/anaconda/5.0.0_py3/lib/python3.6/site-packages/statsmodels/compat/pandas.py:56: FutureWarning: The pandas.core.datetools module is deprecated and will be removed in a future version. Please use the pandas.tseries module instead.
  from pandas.core import datetools
/home/andreasm/RedNoiseEstimatorComparison/ClusterCode/EstimationMethods.py:63: RuntimeWarning: divide by zero encountered in double_scalars
  for i in range(len(cos_array))])
/home/andreasm/RedNoiseEstimatorComparison/ClusterCode/EstimationMethods.py:63: RuntimeWarning: invalid value encountered in double_scalars
  for i in range(len(cos_array))])
/p/system/packages/anaconda/5.0.0_py3/lib/python3.6/site-packages/statsmodels/compat/pandas.py:56: FutureWarning: The pandas.core.datetools module is deprecated and will be removed in a future version. Please use the pandas.tseries module instead.
  from pandas.core import datetools
/p/system/packages/anaconda/5.0.0_py3/lib/python3.6/site-packages/statsmodels/compat/pandas.py:56: FutureWarning: The pandas.core.datetools module is deprecated and will be removed in a future version. Please use the pandas.tseries module instead.
  from pandas.core import datetools
/p/system/packages/anaconda/5.0.0_py3/lib/python3.6/site-packages/statsmodels/compat/pandas.py:56: FutureWarning: The pandas.core.datetools module is deprecated and will be removed in a future version. Please use the pandas.tseries module instead.
  from pandas.core import datetools
/p/system/packages/anaconda/5.0.0_py3/lib/python3.6/site-packages/statsmodels/compat/pandas.py:56: FutureWarning: The pandas.core.datetools module is deprecated and will be removed in a future version. Please use the pandas.tseries module instead.
  from pandas.core import datetools
/home/andreasm/RedNoiseEstimatorComparison/ClusterCode/EstimationMethods.py:63: RuntimeWarning: divide by zero encountered in double_scalars
  for i in range(len(cos_array))])
/home/andreasm/RedNoiseEstimatorComparison/ClusterCode/EstimationMethods.py:63: RuntimeWarning: invalid value encountered in double_scalars
  for i in range(len(cos_array))])
/p/system/packages/anaconda/5.0.0_py3/lib/python3.6/site-packages/statsmodels/compat/pandas.py:56: FutureWarning: The pandas.core.datetools module is deprecated and will be removed in a future version. Please use the pandas.tseries module instead.
  from pandas.core import datetools
/p/system/packages/anaconda/5.0.0_py3/lib/python3.6/site-packages/statsmodels/compat/pandas.py:56: FutureWarning: The pandas.core.datetools module is deprecated and will be removed in a future version. Please use the pandas.tseries module instead.
  from pandas.core import datetools
/p/system/packages/anaconda/5.0.0_py3/lib/python3.6/site-packages/statsmodels/compat/pandas.py:56: FutureWarning: The pandas.core.datetools module is deprecated and will be removed in a future version. Please use the pandas.tseries module instead.
  from pandas.core import datetools
/home/andreasm/RedNoiseEstimatorComparison/ClusterCode/EstimationMethods.py:63: RuntimeWarning: divide by zero encountered in double_scalars
  for i in range(len(cos_array))])
/home/andreasm/RedNoiseEstimatorComparison/ClusterCode/EstimationMethods.py:63: RuntimeWarning: invalid value encountered in double_scalars
  for i in range(len(cos_array))])
/p/system/packages/anaconda/5.0.0_py3/lib/python3.6/site-packages/statsmodels/compat/pandas.py:56: FutureWarning: The pandas.core.datetools module is deprecated and will be removed in a future version. Please use the pandas.tseries module instead.
  from pandas.core import datetools
/home/andreasm/RedNoiseEstimatorComparison/ClusterCode/EstimationMethods.py:63: RuntimeWarning: divide by zero encountered in double_scalars
  for i in range(len(cos_array))])
/home/andreasm/RedNoiseEstimatorComparison/ClusterCode/EstimationMethods.py:63: RuntimeWarning: invalid value encountered in double_scalars
  for i in range(len(cos_array))])
/p/system/packages/anaconda/5.0.0_py3/lib/python3.6/site-packages/statsmodels/compat/pandas.py:56: FutureWarning: The pandas.core.datetools module is deprecated and will be removed in a future version. Please use the pandas.tseries module instead.
  from pandas.core import datetools
/p/system/packages/anaconda/5.0.0_py3/lib/python3.6/site-packages/statsmodels/compat/pandas.py:56: FutureWarning: The pandas.core.datetools module is deprecated and will be removed in a future version. Please use the pandas.tseries module instead.
  from pandas.core import datetools
/p/system/packages/anaconda/5.0.0_py3/lib/python3.6/site-packages/statsmodels/compat/pandas.py:56: FutureWarning: The pandas.core.datetools module is deprecated and will be removed in a future version. Please use the pandas.tseries module instead.
  from pandas.core import datetools
/p/system/packages/anaconda/5.0.0_py3/lib/python3.6/site-packages/statsmodels/compat/pandas.py:56: FutureWarning: The pandas.core.datetools module is deprecated and will be removed in a future version. Please use the pandas.tseries module instead.
  from pandas.core import datetools
/p/system/packages/anaconda/5.0.0_py3/lib/python3.6/site-packages/statsmodels/compat/pandas.py:56: FutureWarning: The pandas.core.datetools module is deprecated and will be removed in a future version. Please use the pandas.tseries module instead.
  from pandas.core import datetools
