------------------------------------------------------------
SLURM JOB ID: 28053182
96 tasks
------------------------------------------------------------
MPI startup(): shm:dapl fabric is unknown or has been removed from the product, please use ofi or shm:ofi instead.
MPI startup(): I_MPI_DAPL_UD variable has been removed from the product, its value is ignored

MPI startup(): I_MPI_DAPL_UD_PROVIDER variable has been removed from the product, its value is ignored

Start time: 2023-09-23 05:59:00; Progress: 0%
End time: 2023-09-23 06:14:37; Progress: 0%
Start time: 2023-09-23 05:59:00; Progress: 0%
End time: 2023-09-23 06:23:31; Progress: 0%
Start time: 2023-09-23 05:59:00; Progress: 0%
End time: 2023-09-23 06:23:39; Progress: 0%
Start time: 2023-09-23 05:59:00; Progress: 0%
End time: 2023-09-23 06:30:59; Progress: 0%
Start time: 2023-09-23 05:59:00; Progress: 0%
End time: 2023-09-23 06:37:12; Progress: 0%
Start time: 2023-09-23 05:59:00; Progress: 0%
End time: 2023-09-23 06:36:40; Progress: 0%
Start time: 2023-09-23 05:59:00; Progress: 0%
End time: 2023-09-23 06:38:44; Progress: 0%
Start time: 2023-09-23 05:59:00; Progress: 0%
End time: 2023-09-23 06:45:52; Progress: 0%
Start time: 2023-09-23 05:59:00; Progress: 0%
End time: 2023-09-23 06:47:57; Progress: 0%
Start time: 2023-09-23 05:59:00; Progress: 0%
End time: 2023-09-23 06:49:03; Progress: 0%
Start time: 2023-09-23 05:59:00; Progress: 0%
End time: 2023-09-23 06:55:04; Progress: 0%
Start time: 2023-09-23 05:59:00; Progress: 0%
End time: 2023-09-23 06:58:05; Progress: 0%
Start time: 2023-09-23 05:59:00; Progress: 0%
End time: 2023-09-23 07:00:16; Progress: 0%
Start time: 2023-09-23 05:59:00; Progress: 0%
End time: 2023-09-23 07:01:25; Progress: 0%
Start time: 2023-09-23 05:59:00; Progress: 0%
End time: 2023-09-23 07:09:08; Progress: 0%
Start time: 2023-09-23 05:59:00; Progress: 0%
End time: 2023-09-23 07:12:47; Progress: 0%
Start time: 2023-09-23 05:59:00; Progress: 0%
End time: 2023-09-23 07:11:49; Progress: 0%
Start time: 2023-09-23 05:59:00; Progress: 0%
End time: 2023-09-23 07:17:30; Progress: 0%
Start time: 2023-09-23 05:59:00; Progress: 0%
End time: 2023-09-23 07:15:50; Progress: 0%
Start time: 2023-09-23 05:59:00; Progress: 0%
End time: 2023-09-23 07:17:30; Progress: 0%
Start time: 2023-09-23 05:59:00; Progress: 0%
End time: 2023-09-23 07:24:44; Progress: 0%
Start time: 2023-09-23 05:59:00; Progress: 0%
End time: 2023-09-23 07:36:05; Progress: 0%
Start time: 2023-09-23 05:59:00; Progress: 0%
End time: 2023-09-23 07:31:48; Progress: 0%
Start time: 2023-09-23 05:59:00; Progress: 0%
End time: 2023-09-23 07:43:49; Progress: 0%
Start time: 2023-09-23 05:59:00; Progress: 0%
End time: 2023-09-23 07:36:36; Progress: 0%
Start time: 2023-09-23 05:59:00; Progress: 0%
End time: 2023-09-23 07:39:41; Progress: 0%
Start time: 2023-09-23 05:59:00; Progress: 0%
End time: 2023-09-23 07:44:58; Progress: 0%
Start time: 2023-09-23 05:59:00; Progress: 0%
End time: 2023-09-23 07:53:26; Progress: 0%
Start time: 2023-09-23 05:59:00; Progress: 0%
End time: 2023-09-23 07:58:07; Progress: 0%
Start time: 2023-09-23 05:59:00; Progress: 0%
End time: 2023-09-23 07:57:12; Progress: 0%
Start time: 2023-09-23 05:59:00; Progress: 0%
End time: 2023-09-23 08:09:27; Progress: 0%
Start time: 2023-09-23 05:59:00; Progress: 0%
End time: 2023-09-23 08:13:53; Progress: 0%
Start time: 2023-09-23 05:59:00; Progress: 0%
End time: 2023-09-23 08:10:38; Progress: 0%
Start time: 2023-09-23 05:59:00; Progress: 0%
End time: 2023-09-23 08:16:37; Progress: 0%
Start time: 2023-09-23 05:59:00; Progress: 0%
End time: 2023-09-23 08:11:20; Progress: 0%
Start time: 2023-09-23 05:59:00; Progress: 0%
End time: 2023-09-23 08:17:11; Progress: 0%
Start time: 2023-09-23 05:59:00; Progress: 0%
End time: 2023-09-23 08:29:37; Progress: 0%
Start time: 2023-09-23 05:59:00; Progress: 0%
End time: 2023-09-23 08:33:49; Progress: 0%
Start time: 2023-09-23 05:59:00; Progress: 0%
End time: 2023-09-23 08:33:07; Progress: 0%
Start time: 2023-09-23 05:59:00; Progress: 0%
End time: 2023-09-23 08:47:09; Progress: 0%
Start time: 2023-09-23 05:59:00; Progress: 0%
End time: 2023-09-23 08:49:06; Progress: 0%
Start time: 2023-09-23 05:59:01; Progress: 0%
End time: 2023-09-23 08:56:32; Progress: 0%
Start time: 2023-09-23 05:59:00; Progress: 0%
End time: 2023-09-23 08:59:21; Progress: 0%
Start time: 2023-09-23 05:59:00; Progress: 0%
End time: 2023-09-23 08:54:05; Progress: 0%
Start time: 2023-09-23 05:59:00; Progress: 0%
End time: 2023-09-23 09:16:25; Progress: 0%
Start time: 2023-09-23 05:59:00; Progress: 0%
End time: 2023-09-23 09:20:56; Progress: 0%
Start time: 2023-09-23 05:59:00; Progress: 0%
End time: 2023-09-23 09:33:57; Progress: 0%
Start time: 2023-09-23 05:59:00; Progress: 0%
End time: 2023-09-23 09:26:53; Progress: 0%
Start time: 2023-09-23 05:59:00; Progress: 0%
End time: 2023-09-23 09:25:21; Progress: 0%
Start time: 2023-09-23 05:59:01; Progress: 0%
End time: 2023-09-23 09:44:18; Progress: 0%
Start time: 2023-09-23 05:59:00; Progress: 0%
End time: 2023-09-23 09:49:37; Progress: 0%
Start time: 2023-09-23 05:59:00; Progress: 0%
End time: 2023-09-23 10:00:26; Progress: 0%
Start time: 2023-09-23 05:59:00; Progress: 0%
End time: 2023-09-23 09:54:37; Progress: 0%
Start time: 2023-09-23 05:59:00; Progress: 0%
End time: 2023-09-23 10:09:01; Progress: 0%
Start time: 2023-09-23 05:59:01; Progress: 0%
End time: 2023-09-23 10:22:06; Progress: 0%
Start time: 2023-09-23 05:59:00; Progress: 0%
End time: 2023-09-23 10:18:17; Progress: 0%
Start time: 2023-09-23 05:59:00; Progress: 0%
End time: 2023-09-23 10:37:00; Progress: 0%
Start time: 2023-09-23 05:59:00; Progress: 0%
End time: 2023-09-23 10:34:13; Progress: 0%
Start time: 2023-09-23 05:59:00; Progress: 0%
End time: 2023-09-23 10:56:06; Progress: 0%
Start time: 2023-09-23 05:59:01; Progress: 0%
End time: 2023-09-23 11:02:03; Progress: 0%
Start time: 2023-09-23 05:59:00; Progress: 0%
End time: 2023-09-23 11:00:09; Progress: 0%
Start time: 2023-09-23 05:59:01; Progress: 0%
End time: 2023-09-23 11:07:38; Progress: 0%
Start time: 2023-09-23 05:59:00; Progress: 0%
End time: 2023-09-23 11:38:01; Progress: 0%
Start time: 2023-09-23 05:59:01; Progress: 0%
End time: 2023-09-23 11:46:23; Progress: 0%
Start time: 2023-09-23 05:59:01; Progress: 0%
End time: 2023-09-23 12:03:27; Progress: 0%
Start time: 2023-09-23 05:59:00; Progress: 0%
End time: 2023-09-23 11:59:12; Progress: 0%
Start time: 2023-09-23 05:59:00; Progress: 0%
End time: 2023-09-23 12:39:01; Progress: 0%
Start time: 2023-09-23 05:59:01; Progress: 0%
End time: 2023-09-23 12:40:25; Progress: 0%
Start time: 2023-09-23 05:59:00; Progress: 0%
End time: 2023-09-23 12:56:48; Progress: 0%
Start time: 2023-09-23 05:59:00; Progress: 0%
End time: 2023-09-23 13:08:39; Progress: 0%
Start time: 2023-09-23 05:59:00; Progress: 0%
End time: 2023-09-23 13:15:39; Progress: 0%
Start time: 2023-09-23 05:59:01; Progress: 0%
End time: 2023-09-23 13:06:45; Progress: 0%
Start time: 2023-09-23 05:59:01; Progress: 0%
End time: 2023-09-23 13:36:11; Progress: 0%
Start time: 2023-09-23 05:59:00; Progress: 0%
End time: 2023-09-23 13:56:37; Progress: 0%
Start time: 2023-09-23 05:59:00; Progress: 0%
End time: 2023-09-23 13:54:11; Progress: 0%
Start time: 2023-09-23 05:59:00; Progress: 0%
End time: 2023-09-23 14:27:33; Progress: 0%
Start time: 2023-09-23 05:59:01; Progress: 0%
End time: 2023-09-23 14:45:02; Progress: 0%
Start time: 2023-09-23 05:59:00; Progress: 0%
End time: 2023-09-23 14:56:47; Progress: 0%
Start time: 2023-09-23 05:59:01; Progress: 0%
End time: 2023-09-23 16:01:08; Progress: 0%
Start time: 2023-09-23 05:59:00; Progress: 0%
End time: 2023-09-23 16:10:42; Progress: 0%
Start time: 2023-09-23 05:59:00; Progress: 0%
End time: 2023-09-23 17:24:07; Progress: 0%
